Using pre-set license
Built from '2021.3/staging' branch; Version is '2021.3.16f1 (4016570cf34f) revision 4200023'; Using compiler version '192829333'; Build Type 'Release'
OS: 'Windows 11  (10.0.22000) 64bit Professional' Language: 'es' Physical Memory: 15741 MB
BatchMode: 1, IsHumanControllingUs: 0, StartBugReporterOnCrash: 0, Is64bit: 1, IsPro: 1

COMMAND LINE ARGUMENTS:
C:\Program Files\Unity\Hub\Editor\2021.3.16f1\Editor\Unity.exe
-adb2
-batchMode
-noUpm
-name
AssetImportWorker0
-projectPath
C:/Users/Dell/Documents/GitHub/MIDAS/Proyectos2
-logFile
Logs/AssetImportWorker0.log
-srvPort
61857
Successfully changed project path to: C:/Users/Dell/Documents/GitHub/MIDAS/Proyectos2
C:/Users/Dell/Documents/GitHub/MIDAS/Proyectos2
[UnityMemory] Configuration Parameters - Can be set up in boot.config
    "memorysetup-bucket-allocator-granularity=16"
    "memorysetup-bucket-allocator-bucket-count=8"
    "memorysetup-bucket-allocator-block-size=33554432"
    "memorysetup-bucket-allocator-block-count=8"
    "memorysetup-main-allocator-block-size=16777216"
    "memorysetup-thread-allocator-block-size=16777216"
    "memorysetup-gfx-main-allocator-block-size=16777216"
    "memorysetup-gfx-thread-allocator-block-size=16777216"
    "memorysetup-cache-allocator-block-size=4194304"
    "memorysetup-typetree-allocator-block-size=2097152"
    "memorysetup-profiler-bucket-allocator-granularity=16"
    "memorysetup-profiler-bucket-allocator-bucket-count=8"
    "memorysetup-profiler-bucket-allocator-block-size=33554432"
    "memorysetup-profiler-bucket-allocator-block-count=8"
    "memorysetup-profiler-allocator-block-size=16777216"
    "memorysetup-profiler-editor-allocator-block-size=1048576"
    "memorysetup-temp-allocator-size-main=16777216"
    "memorysetup-job-temp-allocator-block-size=2097152"
    "memorysetup-job-temp-allocator-block-size-background=1048576"
    "memorysetup-job-temp-allocator-reduction-small-platforms=262144"
    "memorysetup-temp-allocator-size-background-worker=32768"
    "memorysetup-temp-allocator-size-job-worker=262144"
    "memorysetup-temp-allocator-size-preload-manager=33554432"
    "memorysetup-temp-allocator-size-nav-mesh-worker=65536"
    "memorysetup-temp-allocator-size-audio-worker=65536"
    "memorysetup-temp-allocator-size-cloud-worker=32768"
    "memorysetup-temp-allocator-size-gi-baking-worker=262144"
    "memorysetup-temp-allocator-size-gfx=262144"
Player connection [50576] Host "[IP] 192.168.80.1 [Port] 0 [Flags] 2 [Guid] 332298118 [EditorId] 332298118 [Version] 1048832 [Id] WindowsEditor(7,DESKTOP-KL0MDJR) [Debug] 1 [PackageName] WindowsEditor [ProjectName] Editor" joined multi-casting on [225.0.0.222:54997]...

Player connection [50576] Host "[IP] 192.168.80.1 [Port] 0 [Flags] 2 [Guid] 332298118 [EditorId] 332298118 [Version] 1048832 [Id] WindowsEditor(7,DESKTOP-KL0MDJR) [Debug] 1 [PackageName] WindowsEditor [ProjectName] Editor" joined alternative multi-casting on [225.0.0.222:34997]...

Assets/3D/3D de objetos/Comodas/Modelo 4/curveddresser.c4d: Unity no longer supports importing Cinema 4D files directly, but we're working with Maxon to make the experience better. To import Cinema 4D files, install Maxon's external importer. You can find more information on the Unity Forum: https://on.unity.com/c4d.

Please note that FBX files exported from Cinema4D are still supported.
Assets/Prefabs/Muebles/Lamparas/Lampara 3/Polyester Masa Lambası-Free3D.c4d: Unity no longer supports importing Cinema 4D files directly, but we're working with Maxon to make the experience better. To import Cinema 4D files, install Maxon's external importer. You can find more information on the Unity Forum: https://on.unity.com/c4d.

Please note that FBX files exported from Cinema4D are still supported.
Refreshing native plugins compatible for Editor in 99.43 ms, found 5 plugins.
Preloading 0 native plugins for Editor in 0.00 ms.
Initialize engine version: 2021.3.16f1 (4016570cf34f)
[Subsystems] Discovering subsystems at path C:/Program Files/Unity/Hub/Editor/2021.3.16f1/Editor/Data/Resources/UnitySubsystems
[Subsystems] Discovering subsystems at path C:/Users/Dell/Documents/GitHub/MIDAS/Proyectos2/Assets
GfxDevice: creating device client; threaded=0; jobified=0
Direct3D:
    Version:  Direct3D 11.0 [level 11.1]
    Renderer: AMD Radeon(TM) Graphics (ID=0x1636)
    Vendor:   ATI
    VRAM:     7870 MB
    Driver:   31.0.12019.15004
Initialize mono
Mono path[0] = 'C:/Program Files/Unity/Hub/Editor/2021.3.16f1/Editor/Data/Managed'
Mono path[1] = 'C:/Program Files/Unity/Hub/Editor/2021.3.16f1/Editor/Data/MonoBleedingEdge/lib/mono/unityjit-win32'
Mono config path = 'C:/Program Files/Unity/Hub/Editor/2021.3.16f1/Editor/Data/MonoBleedingEdge/etc'
Using monoOptions --debugger-agent=transport=dt_socket,embedding=1,server=y,suspend=n,address=127.0.0.1:56960
Begin MonoManager ReloadAssembly
Registering precompiled unity dll's ...
Register platform support module: C:/Program Files/Unity/Hub/Editor/2021.3.16f1/Editor/Data/PlaybackEngines/WebGLSupport/UnityEditor.WebGL.Extensions.dll
Register platform support module: C:/Program Files/Unity/Hub/Editor/2021.3.16f1/Editor/Data/PlaybackEngines/WindowsStandaloneSupport/UnityEditor.WindowsStandalone.Extensions.dll
Registered in 0.007544 seconds.
Native extension for WindowsStandalone target not found
Native extension for WebGL target not found
Assets/3D/3D de objetos/Comodas/Modelo 4/curveddresser.c4d: Unity no longer supports importing Cinema 4D files directly, but we're working with Maxon to make the experience better. To import Cinema 4D files, install Maxon's external importer. You can find more information on the Unity Forum: https://on.unity.com/c4d.

Please note that FBX files exported from Cinema4D are still supported.
Assets/Prefabs/Muebles/Lamparas/Lampara 3/Polyester Masa Lambası-Free3D.c4d: Unity no longer supports importing Cinema 4D files directly, but we're working with Maxon to make the experience better. To import Cinema 4D files, install Maxon's external importer. You can find more information on the Unity Forum: https://on.unity.com/c4d.

Please note that FBX files exported from Cinema4D are still supported.
Refreshing native plugins compatible for Editor in 114.60 ms, found 5 plugins.
Preloading 0 native plugins for Editor in 0.00 ms.
Mono: successfully reloaded assembly
- Completed reload, in  0.754 seconds
Domain Reload Profiling:
	ReloadAssembly (755ms)
		BeginReloadAssembly (88ms)
			ExecutionOrderSort (0ms)
			DisableScriptedObjects (0ms)
			BackupInstance (0ms)
			ReleaseScriptingObjects (0ms)
			CreateAndSetChildDomain (1ms)
		EndReloadAssembly (523ms)
			LoadAssemblies (87ms)
			RebuildTransferFunctionScriptingTraits (0ms)
			SetupTypeCache (125ms)
			ReleaseScriptCaches (0ms)
			RebuildScriptCaches (35ms)
			SetupLoadedEditorAssemblies (308ms)
				LogAssemblyErrors (0ms)
				InitializePlatformSupportModulesInManaged (12ms)
				SetLoadedEditorAssemblies (0ms)
				RefreshPlugins (115ms)
				BeforeProcessingInitializeOnLoad (2ms)
				ProcessInitializeOnLoadAttributes (123ms)
				ProcessInitializeOnLoadMethodAttributes (56ms)
				AfterProcessingInitializeOnLoad (0ms)
				EditorAssembliesLoaded (0ms)
			ExecutionOrderSort2 (0ms)
			AwakeInstancesAfterBackupRestoration (0ms)
Platform modules already initialized, skipping
Registering precompiled user dll's ...
Registered in 0.007036 seconds.
Begin MonoManager ReloadAssembly
Symbol file LoadedFromMemory doesn't match image C:\Users\Dell\Documents\GitHub\MIDAS\Proyectos2\Library\PackageCache\com.unity.visualscripting@1.7.8\Editor\VisualScripting.Core\Dependencies\YamlDotNet\Unity.VisualScripting.YamlDotNet.dll
Symbol file LoadedFromMemory doesn't match image C:\Users\Dell\Documents\GitHub\MIDAS\Proyectos2\Library\PackageCache\com.unity.visualscripting@1.7.8\Editor\VisualScripting.Core\Dependencies\DotNetZip\Unity.VisualScripting.IonicZip.dll
Native extension for WindowsStandalone target not found
Native extension for WebGL target not found
Refreshing native plugins compatible for Editor in 0.95 ms, found 5 plugins.
Preloading 0 native plugins for Editor in 0.00 ms.
Mono: successfully reloaded assembly
- Completed reload, in  1.261 seconds
Domain Reload Profiling:
	ReloadAssembly (1262ms)
		BeginReloadAssembly (116ms)
			ExecutionOrderSort (0ms)
			DisableScriptedObjects (6ms)
			BackupInstance (0ms)
			ReleaseScriptingObjects (0ms)
			CreateAndSetChildDomain (27ms)
		EndReloadAssembly (1008ms)
			LoadAssemblies (86ms)
			RebuildTransferFunctionScriptingTraits (0ms)
			SetupTypeCache (321ms)
			ReleaseScriptCaches (1ms)
			RebuildScriptCaches (68ms)
			SetupLoadedEditorAssemblies (465ms)
				LogAssemblyErrors (0ms)
				InitializePlatformSupportModulesInManaged (8ms)
				SetLoadedEditorAssemblies (1ms)
				RefreshPlugins (1ms)
				BeforeProcessingInitializeOnLoad (113ms)
				ProcessInitializeOnLoadAttributes (308ms)
				ProcessInitializeOnLoadMethodAttributes (27ms)
				AfterProcessingInitializeOnLoad (6ms)
				EditorAssembliesLoaded (0ms)
			ExecutionOrderSort2 (0ms)
			AwakeInstancesAfterBackupRestoration (7ms)
Platform modules already initialized, skipping
Assets/3D/3D de objetos/Comodas/Modelo 4/curveddresser.c4d: Unity no longer supports importing Cinema 4D files directly, but we're working with Maxon to make the experience better. To import Cinema 4D files, install Maxon's external importer. You can find more information on the Unity Forum: https://on.unity.com/c4d.

Please note that FBX files exported from Cinema4D are still supported.
Assets/Prefabs/Muebles/Lamparas/Lampara 3/Polyester Masa Lambası-Free3D.c4d: Unity no longer supports importing Cinema 4D files directly, but we're working with Maxon to make the experience better. To import Cinema 4D files, install Maxon's external importer. You can find more information on the Unity Forum: https://on.unity.com/c4d.

Please note that FBX files exported from Cinema4D are still supported.
========================================================================
Worker process is ready to serve import requests
Assets/3D/3D de objetos/Comodas/Modelo 4/curveddresser.c4d: Unity no longer supports importing Cinema 4D files directly, but we're working with Maxon to make the experience better. To import Cinema 4D files, install Maxon's external importer. You can find more information on the Unity Forum: https://on.unity.com/c4d.

Please note that FBX files exported from Cinema4D are still supported.
Assets/Prefabs/Muebles/Lamparas/Lampara 3/Polyester Masa Lambası-Free3D.c4d: Unity no longer supports importing Cinema 4D files directly, but we're working with Maxon to make the experience better. To import Cinema 4D files, install Maxon's external importer. You can find more information on the Unity Forum: https://on.unity.com/c4d.

Please note that FBX files exported from Cinema4D are still supported.
Launched and connected shader compiler UnityShaderCompiler.exe after 0.07 seconds
Refreshing native plugins compatible for Editor in 0.81 ms, found 5 plugins.
Preloading 0 native plugins for Editor in 0.00 ms.
Unloading 3608 Unused Serialized files (Serialized files now loaded: 0)
Unloading 30 unused Assets / (113.6 KB). Loaded Objects now: 4065.
Memory consumption went from 128.4 MB to 128.3 MB.
Total: 4.656000 ms (FindLiveObjects: 0.341300 ms CreateObjectMapping: 0.115400 ms MarkObjects: 4.058000 ms  DeleteObjects: 0.139900 ms)

AssetImportParameters requested are different than current active one (requested -> active):
  custom:video-decoder-ogg-theora: a1e56fd34408186e4bbccfd4996cb3dc -> 
  custom:container-muxer-webm: aa71ff27fc2769a1b78a27578f13a17b -> 
  custom:container-demuxer-webm: 4f35f7cbe854078d1ac9338744f61a02 -> 
  custom:video-encoder-webm-vp8: eb34c28f22e8b96e1ab97ce403110664 -> 
  custom:audio-encoder-webm-vorbis: bf7c407c2cedff20999df2af8eb42d56 -> 
  custom:framework-win-MediaFoundation: 216162199b28c13a410421893ffa2e32 -> 
  custom:container-demuxer-ogg: 62fdf1f143b41e24485cea50d1cbac27 -> 
  custom:video-decoder-webm-vp8: 9c59270c3fd7afecdb556c50c9e8de78 -> 
  custom:audio-decoder-ogg-vorbis: bf7c407c2cedff20999df2af8eb42d56 -> 
========================================================================
Received Import Request.
  Time since last request: 363246.569629 seconds.
  path: Assets/3D/3D de gizmos/gizmo3
  artifactKey: Guid(3c959b63dbd8bc349a77c453a55bdd3c) Importer(815301076,1909f56bfc062723c751e8b465ee728b)
Start importing Assets/3D/3D de gizmos/gizmo3 using Guid(3c959b63dbd8bc349a77c453a55bdd3c) Importer(815301076,1909f56bfc062723c751e8b465ee728b)  -> (artifact id: '4f6e40454e3151ce7d88532eb8505375') in 0.023585 seconds 
========================================================================
Received Import Request.
  Time since last request: 50.755880 seconds.
  path: Assets/3D/3D de gizmos/scaleGizmo
  artifactKey: Guid(6994b9a233db70d44a01371176746fb4) Importer(815301076,1909f56bfc062723c751e8b465ee728b)
Start importing Assets/3D/3D de gizmos/scaleGizmo using Guid(6994b9a233db70d44a01371176746fb4) Importer(815301076,1909f56bfc062723c751e8b465ee728b)  -> (artifact id: 'bb08b41af0f165c61035e1d8856cace9') in 0.011236 seconds 
========================================================================
Received Import Request.
  Time since last request: 0.059330 seconds.
  path: Assets/3D/3D de gizmos/scaleGizmo/tinker.obj
  artifactKey: Guid(d5482217b6d6f564e8a672d18a52fe22) Importer(815301076,1909f56bfc062723c751e8b465ee728b)
Start importing Assets/3D/3D de gizmos/scaleGizmo/tinker.obj using Guid(d5482217b6d6f564e8a672d18a52fe22) Importer(815301076,1909f56bfc062723c751e8b465ee728b)  -> (artifact id: 'c8e7886beeffde794d3b5d0c5b4ad192') in 0.197845 seconds 
========================================================================
Received Import Request.
  Time since last request: 231.654225 seconds.
  path: Assets/3D/3D de gizmos/scaleGizmo/tinker.obj
  artifactKey: Guid(d5482217b6d6f564e8a672d18a52fe22) Importer(815301076,1909f56bfc062723c751e8b465ee728b)
Start importing Assets/3D/3D de gizmos/scaleGizmo/tinker.obj using Guid(d5482217b6d6f564e8a672d18a52fe22) Importer(815301076,1909f56bfc062723c751e8b465ee728b)  -> (artifact id: 'd4f095a90c63881a23c01cbb13e9f474') in 0.065566 seconds 
========================================================================
Received Prepare
Assets/3D/3D de objetos/Comodas/Modelo 4/curveddresser.c4d: Unity no longer supports importing Cinema 4D files directly, but we're working with Maxon to make the experience better. To import Cinema 4D files, install Maxon's external importer. You can find more information on the Unity Forum: https://on.unity.com/c4d.

Please note that FBX files exported from Cinema4D are still supported.
Assets/Prefabs/Muebles/Lamparas/Lampara 3/Polyester Masa Lambası-Free3D.c4d: Unity no longer supports importing Cinema 4D files directly, but we're working with Maxon to make the experience better. To import Cinema 4D files, install Maxon's external importer. You can find more information on the Unity Forum: https://on.unity.com/c4d.

Please note that FBX files exported from Cinema4D are still supported.
Registering precompiled user dll's ...
Registered in 0.005622 seconds.
Begin MonoManager ReloadAssembly
Symbol file LoadedFromMemory doesn't match image C:\Users\Dell\Documents\GitHub\MIDAS\Proyectos2\Library\PackageCache\com.unity.visualscripting@1.7.8\Editor\VisualScripting.Core\Dependencies\YamlDotNet\Unity.VisualScripting.YamlDotNet.dll
Symbol file LoadedFromMemory doesn't match image C:\Users\Dell\Documents\GitHub\MIDAS\Proyectos2\Library\PackageCache\com.unity.visualscripting@1.7.8\Editor\VisualScripting.Core\Dependencies\DotNetZip\Unity.VisualScripting.IonicZip.dll
Native extension for WindowsStandalone target not found
Native extension for WebGL target not found
Refreshing native plugins compatible for Editor in 1.77 ms, found 5 plugins.
Preloading 0 native plugins for Editor in 0.00 ms.
Mono: successfully reloaded assembly
- Completed reload, in  1.389 seconds
Domain Reload Profiling:
	ReloadAssembly (1390ms)
		BeginReloadAssembly (175ms)
			ExecutionOrderSort (0ms)
			DisableScriptedObjects (6ms)
			BackupInstance (0ms)
			ReleaseScriptingObjects (0ms)
			CreateAndSetChildDomain (45ms)
		EndReloadAssembly (1101ms)
			LoadAssemblies (130ms)
			RebuildTransferFunctionScriptingTraits (0ms)
			SetupTypeCache (421ms)
			ReleaseScriptCaches (2ms)
			RebuildScriptCaches (64ms)
			SetupLoadedEditorAssemblies (429ms)
				LogAssemblyErrors (0ms)
				InitializePlatformSupportModulesInManaged (18ms)
				SetLoadedEditorAssemblies (1ms)
				RefreshPlugins (2ms)
				BeforeProcessingInitializeOnLoad (91ms)
				ProcessInitializeOnLoadAttributes (276ms)
				ProcessInitializeOnLoadMethodAttributes (33ms)
				AfterProcessingInitializeOnLoad (8ms)
				EditorAssembliesLoaded (1ms)
			ExecutionOrderSort2 (0ms)
			AwakeInstancesAfterBackupRestoration (11ms)
Platform modules already initialized, skipping
Refreshing native plugins compatible for Editor in 5.31 ms, found 5 plugins.
Preloading 0 native plugins for Editor in 0.00 ms.
Unloading 3583 Unused Serialized files (Serialized files now loaded: 0)
Unloading 23 unused Assets / (79.9 KB). Loaded Objects now: 4112.
Memory consumption went from 131.0 MB to 130.9 MB.
Total: 6.990400 ms (FindLiveObjects: 0.678000 ms CreateObjectMapping: 0.326500 ms MarkObjects: 5.854800 ms  DeleteObjects: 0.129300 ms)

AssetImportParameters requested are different than current active one (requested -> active):
  custom:video-decoder-ogg-theora: a1e56fd34408186e4bbccfd4996cb3dc -> 
  custom:container-muxer-webm: aa71ff27fc2769a1b78a27578f13a17b -> 
  custom:container-demuxer-webm: 4f35f7cbe854078d1ac9338744f61a02 -> 
  custom:video-encoder-webm-vp8: eb34c28f22e8b96e1ab97ce403110664 -> 
  custom:audio-encoder-webm-vorbis: bf7c407c2cedff20999df2af8eb42d56 -> 
  custom:framework-win-MediaFoundation: 216162199b28c13a410421893ffa2e32 -> 
  custom:container-demuxer-ogg: 62fdf1f143b41e24485cea50d1cbac27 -> 
  custom:video-decoder-webm-vp8: 9c59270c3fd7afecdb556c50c9e8de78 -> 
  custom:audio-decoder-ogg-vorbis: bf7c407c2cedff20999df2af8eb42d56 -> 
========================================================================
Received Prepare
Assets/3D/3D de objetos/Comodas/Modelo 4/curveddresser.c4d: Unity no longer supports importing Cinema 4D files directly, but we're working with Maxon to make the experience better. To import Cinema 4D files, install Maxon's external importer. You can find more information on the Unity Forum: https://on.unity.com/c4d.

Please note that FBX files exported from Cinema4D are still supported.
Assets/Prefabs/Muebles/Lamparas/Lampara 3/Polyester Masa Lambası-Free3D.c4d: Unity no longer supports importing Cinema 4D files directly, but we're working with Maxon to make the experience better. To import Cinema 4D files, install Maxon's external importer. You can find more information on the Unity Forum: https://on.unity.com/c4d.

Please note that FBX files exported from Cinema4D are still supported.
Registering precompiled user dll's ...
Registered in 0.005504 seconds.
Begin MonoManager ReloadAssembly
Symbol file LoadedFromMemory doesn't match image C:\Users\Dell\Documents\GitHub\MIDAS\Proyectos2\Library\PackageCache\com.unity.visualscripting@1.7.8\Editor\VisualScripting.Core\Dependencies\YamlDotNet\Unity.VisualScripting.YamlDotNet.dll
Symbol file LoadedFromMemory doesn't match image C:\Users\Dell\Documents\GitHub\MIDAS\Proyectos2\Library\PackageCache\com.unity.visualscripting@1.7.8\Editor\VisualScripting.Core\Dependencies\DotNetZip\Unity.VisualScripting.IonicZip.dll
Native extension for WindowsStandalone target not found
Native extension for WebGL target not found
Refreshing native plugins compatible for Editor in 1.36 ms, found 5 plugins.
Preloading 0 native plugins for Editor in 0.00 ms.
Mono: successfully reloaded assembly
- Completed reload, in  1.434 seconds
Domain Reload Profiling:
	ReloadAssembly (1435ms)
		BeginReloadAssembly (167ms)
			ExecutionOrderSort (0ms)
			DisableScriptedObjects (8ms)
			BackupInstance (0ms)
			ReleaseScriptingObjects (0ms)
			CreateAndSetChildDomain (46ms)
		EndReloadAssembly (1159ms)
			LoadAssemblies (123ms)
			RebuildTransferFunctionScriptingTraits (0ms)
			SetupTypeCache (375ms)
			ReleaseScriptCaches (3ms)
			RebuildScriptCaches (70ms)
			SetupLoadedEditorAssemblies (524ms)
				LogAssemblyErrors (0ms)
				InitializePlatformSupportModulesInManaged (26ms)
				SetLoadedEditorAssemblies (1ms)
				RefreshPlugins (1ms)
				BeforeProcessingInitializeOnLoad (101ms)
				ProcessInitializeOnLoadAttributes (342ms)
				ProcessInitializeOnLoadMethodAttributes (44ms)
				AfterProcessingInitializeOnLoad (8ms)
				EditorAssembliesLoaded (0ms)
			ExecutionOrderSort2 (0ms)
			AwakeInstancesAfterBackupRestoration (8ms)
Platform modules already initialized, skipping
Refreshing native plugins compatible for Editor in 4.90 ms, found 5 plugins.
Preloading 0 native plugins for Editor in 0.00 ms.
Unloading 3583 Unused Serialized files (Serialized files now loaded: 0)
Unloading 23 unused Assets / (80.1 KB). Loaded Objects now: 4115.
Memory consumption went from 131.0 MB to 130.9 MB.
Total: 5.430400 ms (FindLiveObjects: 0.872000 ms CreateObjectMapping: 0.173100 ms MarkObjects: 4.089600 ms  DeleteObjects: 0.292600 ms)

AssetImportParameters requested are different than current active one (requested -> active):
  custom:video-decoder-ogg-theora: a1e56fd34408186e4bbccfd4996cb3dc -> 
  custom:container-muxer-webm: aa71ff27fc2769a1b78a27578f13a17b -> 
  custom:container-demuxer-webm: 4f35f7cbe854078d1ac9338744f61a02 -> 
  custom:video-encoder-webm-vp8: eb34c28f22e8b96e1ab97ce403110664 -> 
  custom:audio-encoder-webm-vorbis: bf7c407c2cedff20999df2af8eb42d56 -> 
  custom:framework-win-MediaFoundation: 216162199b28c13a410421893ffa2e32 -> 
  custom:container-demuxer-ogg: 62fdf1f143b41e24485cea50d1cbac27 -> 
  custom:video-decoder-webm-vp8: 9c59270c3fd7afecdb556c50c9e8de78 -> 
  custom:audio-decoder-ogg-vorbis: bf7c407c2cedff20999df2af8eb42d56 -> 
========================================================================
Received Import Request.
  Time since last request: 1717.397386 seconds.
  path: Assets/Scripts/ScaleGizmo.cs
  artifactKey: Guid(bade5861a93665f4b91cb93c03d15e78) Importer(815301076,1909f56bfc062723c751e8b465ee728b)
Start importing Assets/Scripts/ScaleGizmo.cs using Guid(bade5861a93665f4b91cb93c03d15e78) Importer(815301076,1909f56bfc062723c751e8b465ee728b)  -> (artifact id: '8c7c7a44c836f78a2ec57b7415c766d3') in 0.041197 seconds 
========================================================================
Received Import Request.
  Time since last request: 339.940733 seconds.
  path: Assets/Scripts/ScaleGizmo.cs
  artifactKey: Guid(bade5861a93665f4b91cb93c03d15e78) Importer(815301076,1909f56bfc062723c751e8b465ee728b)
Start importing Assets/Scripts/ScaleGizmo.cs using Guid(bade5861a93665f4b91cb93c03d15e78) Importer(815301076,1909f56bfc062723c751e8b465ee728b)  -> (artifact id: 'c605c19df6e19bc03faa9f79cc9a66ed') in 0.005119 seconds 
========================================================================
Received Prepare
Assets/3D/3D de objetos/Comodas/Modelo 4/curveddresser.c4d: Unity no longer supports importing Cinema 4D files directly, but we're working with Maxon to make the experience better. To import Cinema 4D files, install Maxon's external importer. You can find more information on the Unity Forum: https://on.unity.com/c4d.

Please note that FBX files exported from Cinema4D are still supported.
Assets/Prefabs/Muebles/Lamparas/Lampara 3/Polyester Masa Lambası-Free3D.c4d: Unity no longer supports importing Cinema 4D files directly, but we're working with Maxon to make the experience better. To import Cinema 4D files, install Maxon's external importer. You can find more information on the Unity Forum: https://on.unity.com/c4d.

Please note that FBX files exported from Cinema4D are still supported.
Registering precompiled user dll's ...
Registered in 0.005259 seconds.
Begin MonoManager ReloadAssembly
Symbol file LoadedFromMemory doesn't match image C:\Users\Dell\Documents\GitHub\MIDAS\Proyectos2\Library\PackageCache\com.unity.visualscripting@1.7.8\Editor\VisualScripting.Core\Dependencies\YamlDotNet\Unity.VisualScripting.YamlDotNet.dll
Symbol file LoadedFromMemory doesn't match image C:\Users\Dell\Documents\GitHub\MIDAS\Proyectos2\Library\PackageCache\com.unity.visualscripting@1.7.8\Editor\VisualScripting.Core\Dependencies\DotNetZip\Unity.VisualScripting.IonicZip.dll
Native extension for WindowsStandalone target not found
Native extension for WebGL target not found
Refreshing native plugins compatible for Editor in 0.80 ms, found 5 plugins.
Preloading 0 native plugins for Editor in 0.00 ms.
Mono: successfully reloaded assembly
- Completed reload, in  1.168 seconds
Domain Reload Profiling:
	ReloadAssembly (1169ms)
		BeginReloadAssembly (165ms)
			ExecutionOrderSort (0ms)
			DisableScriptedObjects (5ms)
			BackupInstance (0ms)
			ReleaseScriptingObjects (0ms)
			CreateAndSetChildDomain (56ms)
		EndReloadAssembly (889ms)
			LoadAssemblies (115ms)
			RebuildTransferFunctionScriptingTraits (0ms)
			SetupTypeCache (334ms)
			ReleaseScriptCaches (1ms)
			RebuildScriptCaches (52ms)
			SetupLoadedEditorAssemblies (343ms)
				LogAssemblyErrors (0ms)
				InitializePlatformSupportModulesInManaged (16ms)
				SetLoadedEditorAssemblies (0ms)
				RefreshPlugins (1ms)
				BeforeProcessingInitializeOnLoad (78ms)
				ProcessInitializeOnLoadAttributes (216ms)
				ProcessInitializeOnLoadMethodAttributes (26ms)
				AfterProcessingInitializeOnLoad (6ms)
				EditorAssembliesLoaded (0ms)
			ExecutionOrderSort2 (0ms)
			AwakeInstancesAfterBackupRestoration (6ms)
Platform modules already initialized, skipping
Refreshing native plugins compatible for Editor in 3.01 ms, found 5 plugins.
Preloading 0 native plugins for Editor in 0.00 ms.
Unloading 3584 Unused Serialized files (Serialized files now loaded: 0)
Unloading 23 unused Assets / (80.1 KB). Loaded Objects now: 4119.
Memory consumption went from 131.0 MB to 130.9 MB.
Total: 4.398200 ms (FindLiveObjects: 0.435400 ms CreateObjectMapping: 0.204200 ms MarkObjects: 3.632100 ms  DeleteObjects: 0.124900 ms)

AssetImportParameters requested are different than current active one (requested -> active):
  custom:video-decoder-ogg-theora: a1e56fd34408186e4bbccfd4996cb3dc -> 
  custom:container-muxer-webm: aa71ff27fc2769a1b78a27578f13a17b -> 
  custom:container-demuxer-webm: 4f35f7cbe854078d1ac9338744f61a02 -> 
  custom:video-encoder-webm-vp8: eb34c28f22e8b96e1ab97ce403110664 -> 
  custom:audio-encoder-webm-vorbis: bf7c407c2cedff20999df2af8eb42d56 -> 
  custom:framework-win-MediaFoundation: 216162199b28c13a410421893ffa2e32 -> 
  custom:container-demuxer-ogg: 62fdf1f143b41e24485cea50d1cbac27 -> 
  custom:video-decoder-webm-vp8: 9c59270c3fd7afecdb556c50c9e8de78 -> 
  custom:audio-decoder-ogg-vorbis: bf7c407c2cedff20999df2af8eb42d56 -> 
========================================================================
Received Prepare
Assets/3D/3D de objetos/Comodas/Modelo 4/curveddresser.c4d: Unity no longer supports importing Cinema 4D files directly, but we're working with Maxon to make the experience better. To import Cinema 4D files, install Maxon's external importer. You can find more information on the Unity Forum: https://on.unity.com/c4d.

Please note that FBX files exported from Cinema4D are still supported.
Assets/Prefabs/Muebles/Lamparas/Lampara 3/Polyester Masa Lambası-Free3D.c4d: Unity no longer supports importing Cinema 4D files directly, but we're working with Maxon to make the experience better. To import Cinema 4D files, install Maxon's external importer. You can find more information on the Unity Forum: https://on.unity.com/c4d.

Please note that FBX files exported from Cinema4D are still supported.
Registering precompiled user dll's ...
Registered in 0.008867 seconds.
Begin MonoManager ReloadAssembly
Symbol file LoadedFromMemory doesn't match image C:\Users\Dell\Documents\GitHub\MIDAS\Proyectos2\Library\PackageCache\com.unity.visualscripting@1.7.8\Editor\VisualScripting.Core\Dependencies\YamlDotNet\Unity.VisualScripting.YamlDotNet.dll
Symbol file LoadedFromMemory doesn't match image C:\Users\Dell\Documents\GitHub\MIDAS\Proyectos2\Library\PackageCache\com.unity.visualscripting@1.7.8\Editor\VisualScripting.Core\Dependencies\DotNetZip\Unity.VisualScripting.IonicZip.dll
Native extension for WindowsStandalone target not found
Native extension for WebGL target not found
Refreshing native plugins compatible for Editor in 1.08 ms, found 5 plugins.
Preloading 0 native plugins for Editor in 0.00 ms.
Mono: successfully reloaded assembly
- Completed reload, in  1.342 seconds
Domain Reload Profiling:
	ReloadAssembly (1343ms)
		BeginReloadAssembly (150ms)
			ExecutionOrderSort (0ms)
			DisableScriptedObjects (5ms)
			BackupInstance (0ms)
			ReleaseScriptingObjects (0ms)
			CreateAndSetChildDomain (47ms)
		EndReloadAssembly (1086ms)
			LoadAssemblies (94ms)
			RebuildTransferFunctionScriptingTraits (0ms)
			SetupTypeCache (370ms)
			ReleaseScriptCaches (3ms)
			RebuildScriptCaches (72ms)
			SetupLoadedEditorAssemblies (474ms)
				LogAssemblyErrors (0ms)
				InitializePlatformSupportModulesInManaged (20ms)
				SetLoadedEditorAssemblies (1ms)
				RefreshPlugins (1ms)
				BeforeProcessingInitializeOnLoad (91ms)
				ProcessInitializeOnLoadAttributes (319ms)
				ProcessInitializeOnLoadMethodAttributes (34ms)
				AfterProcessingInitializeOnLoad (7ms)
				EditorAssembliesLoaded (0ms)
			ExecutionOrderSort2 (0ms)
			AwakeInstancesAfterBackupRestoration (8ms)
Platform modules already initialized, skipping
Refreshing native plugins compatible for Editor in 4.22 ms, found 5 plugins.
Preloading 0 native plugins for Editor in 0.00 ms.
Unloading 3584 Unused Serialized files (Serialized files now loaded: 0)
Unloading 23 unused Assets / (80.1 KB). Loaded Objects now: 4122.
Memory consumption went from 131.0 MB to 131.0 MB.
Total: 5.043800 ms (FindLiveObjects: 0.755800 ms CreateObjectMapping: 0.335900 ms MarkObjects: 3.771900 ms  DeleteObjects: 0.178700 ms)

AssetImportParameters requested are different than current active one (requested -> active):
  custom:video-decoder-ogg-theora: a1e56fd34408186e4bbccfd4996cb3dc -> 
  custom:container-muxer-webm: aa71ff27fc2769a1b78a27578f13a17b -> 
  custom:container-demuxer-webm: 4f35f7cbe854078d1ac9338744f61a02 -> 
  custom:video-encoder-webm-vp8: eb34c28f22e8b96e1ab97ce403110664 -> 
  custom:audio-encoder-webm-vorbis: bf7c407c2cedff20999df2af8eb42d56 -> 
  custom:framework-win-MediaFoundation: 216162199b28c13a410421893ffa2e32 -> 
  custom:container-demuxer-ogg: 62fdf1f143b41e24485cea50d1cbac27 -> 
  custom:video-decoder-webm-vp8: 9c59270c3fd7afecdb556c50c9e8de78 -> 
  custom:audio-decoder-ogg-vorbis: bf7c407c2cedff20999df2af8eb42d56 -> 
========================================================================
Received Prepare
Assets/3D/3D de objetos/Comodas/Modelo 4/curveddresser.c4d: Unity no longer supports importing Cinema 4D files directly, but we're working with Maxon to make the experience better. To import Cinema 4D files, install Maxon's external importer. You can find more information on the Unity Forum: https://on.unity.com/c4d.

Please note that FBX files exported from Cinema4D are still supported.
Assets/Prefabs/Muebles/Lamparas/Lampara 3/Polyester Masa Lambası-Free3D.c4d: Unity no longer supports importing Cinema 4D files directly, but we're working with Maxon to make the experience better. To import Cinema 4D files, install Maxon's external importer. You can find more information on the Unity Forum: https://on.unity.com/c4d.

Please note that FBX files exported from Cinema4D are still supported.
Registering precompiled user dll's ...
Registered in 0.005865 seconds.
Begin MonoManager ReloadAssembly
Symbol file LoadedFromMemory doesn't match image C:\Users\Dell\Documents\GitHub\MIDAS\Proyectos2\Library\PackageCache\com.unity.visualscripting@1.7.8\Editor\VisualScripting.Core\Dependencies\YamlDotNet\Unity.VisualScripting.YamlDotNet.dll
Symbol file LoadedFromMemory doesn't match image C:\Users\Dell\Documents\GitHub\MIDAS\Proyectos2\Library\PackageCache\com.unity.visualscripting@1.7.8\Editor\VisualScripting.Core\Dependencies\DotNetZip\Unity.VisualScripting.IonicZip.dll
Native extension for WindowsStandalone target not found
Native extension for WebGL target not found
Refreshing native plugins compatible for Editor in 1.39 ms, found 5 plugins.
Preloading 0 native plugins for Editor in 0.00 ms.
Mono: successfully reloaded assembly
- Completed reload, in  1.363 seconds
Domain Reload Profiling:
	ReloadAssembly (1364ms)
		BeginReloadAssembly (160ms)
			ExecutionOrderSort (0ms)
			DisableScriptedObjects (8ms)
			BackupInstance (0ms)
			ReleaseScriptingObjects (0ms)
			CreateAndSetChildDomain (44ms)
		EndReloadAssembly (1076ms)
			LoadAssemblies (108ms)
			RebuildTransferFunctionScriptingTraits (0ms)
			SetupTypeCache (348ms)
			ReleaseScriptCaches (3ms)
			RebuildScriptCaches (62ms)
			SetupLoadedEditorAssemblies (490ms)
				LogAssemblyErrors (0ms)
				InitializePlatformSupportModulesInManaged (21ms)
				SetLoadedEditorAssemblies (1ms)
				RefreshPlugins (2ms)
				BeforeProcessingInitializeOnLoad (90ms)
				ProcessInitializeOnLoadAttributes (330ms)
				ProcessInitializeOnLoadMethodAttributes (37ms)
				AfterProcessingInitializeOnLoad (9ms)
				EditorAssembliesLoaded (0ms)
			ExecutionOrderSort2 (0ms)
			AwakeInstancesAfterBackupRestoration (10ms)
Platform modules already initialized, skipping
Refreshing native plugins compatible for Editor in 5.44 ms, found 5 plugins.
Preloading 0 native plugins for Editor in 0.00 ms.
Unloading 3584 Unused Serialized files (Serialized files now loaded: 0)
Unloading 23 unused Assets / (80.0 KB). Loaded Objects now: 4125.
Memory consumption went from 131.0 MB to 131.0 MB.
Total: 6.025800 ms (FindLiveObjects: 0.587000 ms CreateObjectMapping: 0.159000 ms MarkObjects: 4.998300 ms  DeleteObjects: 0.278300 ms)

AssetImportParameters requested are different than current active one (requested -> active):
  custom:video-decoder-ogg-theora: a1e56fd34408186e4bbccfd4996cb3dc -> 
  custom:container-muxer-webm: aa71ff27fc2769a1b78a27578f13a17b -> 
  custom:container-demuxer-webm: 4f35f7cbe854078d1ac9338744f61a02 -> 
  custom:video-encoder-webm-vp8: eb34c28f22e8b96e1ab97ce403110664 -> 
  custom:audio-encoder-webm-vorbis: bf7c407c2cedff20999df2af8eb42d56 -> 
  custom:framework-win-MediaFoundation: 216162199b28c13a410421893ffa2e32 -> 
  custom:container-demuxer-ogg: 62fdf1f143b41e24485cea50d1cbac27 -> 
  custom:video-decoder-webm-vp8: 9c59270c3fd7afecdb556c50c9e8de78 -> 
  custom:audio-decoder-ogg-vorbis: bf7c407c2cedff20999df2af8eb42d56 -> 
========================================================================
Received Prepare
Assets/3D/3D de objetos/Comodas/Modelo 4/curveddresser.c4d: Unity no longer supports importing Cinema 4D files directly, but we're working with Maxon to make the experience better. To import Cinema 4D files, install Maxon's external importer. You can find more information on the Unity Forum: https://on.unity.com/c4d.

Please note that FBX files exported from Cinema4D are still supported.
Assets/Prefabs/Muebles/Lamparas/Lampara 3/Polyester Masa Lambası-Free3D.c4d: Unity no longer supports importing Cinema 4D files directly, but we're working with Maxon to make the experience better. To import Cinema 4D files, install Maxon's external importer. You can find more information on the Unity Forum: https://on.unity.com/c4d.

Please note that FBX files exported from Cinema4D are still supported.
Registering precompiled user dll's ...
Registered in 0.012847 seconds.
Begin MonoManager ReloadAssembly
Symbol file LoadedFromMemory doesn't match image C:\Users\Dell\Documents\GitHub\MIDAS\Proyectos2\Library\PackageCache\com.unity.visualscripting@1.7.8\Editor\VisualScripting.Core\Dependencies\YamlDotNet\Unity.VisualScripting.YamlDotNet.dll
Symbol file LoadedFromMemory doesn't match image C:\Users\Dell\Documents\GitHub\MIDAS\Proyectos2\Library\PackageCache\com.unity.visualscripting@1.7.8\Editor\VisualScripting.Core\Dependencies\DotNetZip\Unity.VisualScripting.IonicZip.dll
Native extension for WindowsStandalone target not found
Native extension for WebGL target not found
Refreshing native plugins compatible for Editor in 0.93 ms, found 5 plugins.
Preloading 0 native plugins for Editor in 0.00 ms.
Mono: successfully reloaded assembly
- Completed reload, in  1.584 seconds
Domain Reload Profiling:
	ReloadAssembly (1585ms)
		BeginReloadAssembly (292ms)
			ExecutionOrderSort (0ms)
			DisableScriptedObjects (10ms)
			BackupInstance (0ms)
			ReleaseScriptingObjects (0ms)
			CreateAndSetChildDomain (63ms)
		EndReloadAssembly (1096ms)
			LoadAssemblies (214ms)
			RebuildTransferFunctionScriptingTraits (0ms)
			SetupTypeCache (414ms)
			ReleaseScriptCaches (2ms)
			RebuildScriptCaches (48ms)
			SetupLoadedEditorAssemblies (461ms)
				LogAssemblyErrors (0ms)
				InitializePlatformSupportModulesInManaged (24ms)
				SetLoadedEditorAssemblies (1ms)
				RefreshPlugins (1ms)
				BeforeProcessingInitializeOnLoad (102ms)
				ProcessInitializeOnLoadAttributes (296ms)
				ProcessInitializeOnLoadMethodAttributes (31ms)
				AfterProcessingInitializeOnLoad (7ms)
				EditorAssembliesLoaded (0ms)
			ExecutionOrderSort2 (0ms)
			AwakeInstancesAfterBackupRestoration (6ms)
Platform modules already initialized, skipping
Refreshing native plugins compatible for Editor in 5.70 ms, found 5 plugins.
Preloading 0 native plugins for Editor in 0.00 ms.
Unloading 3584 Unused Serialized files (Serialized files now loaded: 0)
Unloading 23 unused Assets / (80.1 KB). Loaded Objects now: 4128.
Memory consumption went from 131.1 MB to 131.0 MB.
Total: 6.160700 ms (FindLiveObjects: 0.622600 ms CreateObjectMapping: 0.394900 ms MarkObjects: 4.933800 ms  DeleteObjects: 0.207800 ms)

AssetImportParameters requested are different than current active one (requested -> active):
  custom:video-decoder-ogg-theora: a1e56fd34408186e4bbccfd4996cb3dc -> 
  custom:container-muxer-webm: aa71ff27fc2769a1b78a27578f13a17b -> 
  custom:container-demuxer-webm: 4f35f7cbe854078d1ac9338744f61a02 -> 
  custom:video-encoder-webm-vp8: eb34c28f22e8b96e1ab97ce403110664 -> 
  custom:audio-encoder-webm-vorbis: bf7c407c2cedff20999df2af8eb42d56 -> 
  custom:framework-win-MediaFoundation: 216162199b28c13a410421893ffa2e32 -> 
  custom:container-demuxer-ogg: 62fdf1f143b41e24485cea50d1cbac27 -> 
  custom:video-decoder-webm-vp8: 9c59270c3fd7afecdb556c50c9e8de78 -> 
  custom:audio-decoder-ogg-vorbis: bf7c407c2cedff20999df2af8eb42d56 -> 
========================================================================
Received Prepare
Assets/3D/3D de objetos/Comodas/Modelo 4/curveddresser.c4d: Unity no longer supports importing Cinema 4D files directly, but we're working with Maxon to make the experience better. To import Cinema 4D files, install Maxon's external importer. You can find more information on the Unity Forum: https://on.unity.com/c4d.

Please note that FBX files exported from Cinema4D are still supported.
Assets/Prefabs/Muebles/Lamparas/Lampara 3/Polyester Masa Lambası-Free3D.c4d: Unity no longer supports importing Cinema 4D files directly, but we're working with Maxon to make the experience better. To import Cinema 4D files, install Maxon's external importer. You can find more information on the Unity Forum: https://on.unity.com/c4d.

Please note that FBX files exported from Cinema4D are still supported.
Registering precompiled user dll's ...
Registered in 0.006826 seconds.
Begin MonoManager ReloadAssembly
Symbol file LoadedFromMemory doesn't match image C:\Users\Dell\Documents\GitHub\MIDAS\Proyectos2\Library\PackageCache\com.unity.visualscripting@1.7.8\Editor\VisualScripting.Core\Dependencies\YamlDotNet\Unity.VisualScripting.YamlDotNet.dll
Symbol file LoadedFromMemory doesn't match image C:\Users\Dell\Documents\GitHub\MIDAS\Proyectos2\Library\PackageCache\com.unity.visualscripting@1.7.8\Editor\VisualScripting.Core\Dependencies\DotNetZip\Unity.VisualScripting.IonicZip.dll
Native extension for WindowsStandalone target not found
Native extension for WebGL target not found
Refreshing native plugins compatible for Editor in 0.91 ms, found 5 plugins.
Preloading 0 native plugins for Editor in 0.00 ms.
Mono: successfully reloaded assembly
- Completed reload, in  1.298 seconds
Domain Reload Profiling:
	ReloadAssembly (1299ms)
		BeginReloadAssembly (184ms)
			ExecutionOrderSort (0ms)
			DisableScriptedObjects (6ms)
			BackupInstance (0ms)
			ReleaseScriptingObjects (0ms)
			CreateAndSetChildDomain (51ms)
		EndReloadAssembly (996ms)
			LoadAssemblies (132ms)
			RebuildTransferFunctionScriptingTraits (0ms)
			SetupTypeCache (372ms)
			ReleaseScriptCaches (2ms)
			RebuildScriptCaches (54ms)
			SetupLoadedEditorAssemblies (405ms)
				LogAssemblyErrors (0ms)
				InitializePlatformSupportModulesInManaged (19ms)
				SetLoadedEditorAssemblies (1ms)
				RefreshPlugins (1ms)
				BeforeProcessingInitializeOnLoad (73ms)
				ProcessInitializeOnLoadAttributes (275ms)
				ProcessInitializeOnLoadMethodAttributes (30ms)
				AfterProcessingInitializeOnLoad (6ms)
				EditorAssembliesLoaded (0ms)
			ExecutionOrderSort2 (0ms)
			AwakeInstancesAfterBackupRestoration (6ms)
Platform modules already initialized, skipping
Refreshing native plugins compatible for Editor in 3.05 ms, found 5 plugins.
Preloading 0 native plugins for Editor in 0.00 ms.
Unloading 3584 Unused Serialized files (Serialized files now loaded: 0)
Unloading 23 unused Assets / (80.0 KB). Loaded Objects now: 4131.
Memory consumption went from 131.1 MB to 131.0 MB.
Total: 6.782000 ms (FindLiveObjects: 1.632000 ms CreateObjectMapping: 0.802200 ms MarkObjects: 4.174400 ms  DeleteObjects: 0.171800 ms)

AssetImportParameters requested are different than current active one (requested -> active):
  custom:video-decoder-ogg-theora: a1e56fd34408186e4bbccfd4996cb3dc -> 
  custom:container-muxer-webm: aa71ff27fc2769a1b78a27578f13a17b -> 
  custom:container-demuxer-webm: 4f35f7cbe854078d1ac9338744f61a02 -> 
  custom:video-encoder-webm-vp8: eb34c28f22e8b96e1ab97ce403110664 -> 
  custom:audio-encoder-webm-vorbis: bf7c407c2cedff20999df2af8eb42d56 -> 
  custom:framework-win-MediaFoundation: 216162199b28c13a410421893ffa2e32 -> 
  custom:container-demuxer-ogg: 62fdf1f143b41e24485cea50d1cbac27 -> 
  custom:video-decoder-webm-vp8: 9c59270c3fd7afecdb556c50c9e8de78 -> 
  custom:audio-decoder-ogg-vorbis: bf7c407c2cedff20999df2af8eb42d56 -> 
========================================================================
Received Prepare
Assets/3D/3D de objetos/Comodas/Modelo 4/curveddresser.c4d: Unity no longer supports importing Cinema 4D files directly, but we're working with Maxon to make the experience better. To import Cinema 4D files, install Maxon's external importer. You can find more information on the Unity Forum: https://on.unity.com/c4d.

Please note that FBX files exported from Cinema4D are still supported.
Assets/Prefabs/Muebles/Lamparas/Lampara 3/Polyester Masa Lambası-Free3D.c4d: Unity no longer supports importing Cinema 4D files directly, but we're working with Maxon to make the experience better. To import Cinema 4D files, install Maxon's external importer. You can find more information on the Unity Forum: https://on.unity.com/c4d.

Please note that FBX files exported from Cinema4D are still supported.
Registering precompiled user dll's ...
Registered in 0.005139 seconds.
Begin MonoManager ReloadAssembly
Symbol file LoadedFromMemory doesn't match image C:\Users\Dell\Documents\GitHub\MIDAS\Proyectos2\Library\PackageCache\com.unity.visualscripting@1.7.8\Editor\VisualScripting.Core\Dependencies\YamlDotNet\Unity.VisualScripting.YamlDotNet.dll
Symbol file LoadedFromMemory doesn't match image C:\Users\Dell\Documents\GitHub\MIDAS\Proyectos2\Library\PackageCache\com.unity.visualscripting@1.7.8\Editor\VisualScripting.Core\Dependencies\DotNetZip\Unity.VisualScripting.IonicZip.dll
Native extension for WindowsStandalone target not found
Native extension for WebGL target not found
Refreshing native plugins compatible for Editor in 0.95 ms, found 5 plugins.
Preloading 0 native plugins for Editor in 0.00 ms.
Mono: successfully reloaded assembly
- Completed reload, in  1.241 seconds
Domain Reload Profiling:
	ReloadAssembly (1242ms)
		BeginReloadAssembly (178ms)
			ExecutionOrderSort (0ms)
			DisableScriptedObjects (5ms)
			BackupInstance (0ms)
			ReleaseScriptingObjects (0ms)
			CreateAndSetChildDomain (57ms)
		EndReloadAssembly (941ms)
			LoadAssemblies (114ms)
			RebuildTransferFunctionScriptingTraits (0ms)
			SetupTypeCache (300ms)
			ReleaseScriptCaches (1ms)
			RebuildScriptCaches (48ms)
			SetupLoadedEditorAssemblies (436ms)
				LogAssemblyErrors (0ms)
				InitializePlatformSupportModulesInManaged (16ms)
				SetLoadedEditorAssemblies (0ms)
				RefreshPlugins (1ms)
				BeforeProcessingInitializeOnLoad (143ms)
				ProcessInitializeOnLoadAttributes (240ms)
				ProcessInitializeOnLoadMethodAttributes (26ms)
				AfterProcessingInitializeOnLoad (9ms)
				EditorAssembliesLoaded (0ms)
			ExecutionOrderSort2 (0ms)
			AwakeInstancesAfterBackupRestoration (9ms)
Platform modules already initialized, skipping
Refreshing native plugins compatible for Editor in 2.61 ms, found 5 plugins.
Preloading 0 native plugins for Editor in 0.00 ms.
Unloading 3584 Unused Serialized files (Serialized files now loaded: 0)
Unloading 23 unused Assets / (79.9 KB). Loaded Objects now: 4134.
Memory consumption went from 131.1 MB to 131.0 MB.
Total: 3.768400 ms (FindLiveObjects: 0.313100 ms CreateObjectMapping: 0.101000 ms MarkObjects: 3.227700 ms  DeleteObjects: 0.125300 ms)

AssetImportParameters requested are different than current active one (requested -> active):
  custom:video-decoder-ogg-theora: a1e56fd34408186e4bbccfd4996cb3dc -> 
  custom:container-muxer-webm: aa71ff27fc2769a1b78a27578f13a17b -> 
  custom:container-demuxer-webm: 4f35f7cbe854078d1ac9338744f61a02 -> 
  custom:video-encoder-webm-vp8: eb34c28f22e8b96e1ab97ce403110664 -> 
  custom:audio-encoder-webm-vorbis: bf7c407c2cedff20999df2af8eb42d56 -> 
  custom:framework-win-MediaFoundation: 216162199b28c13a410421893ffa2e32 -> 
  custom:container-demuxer-ogg: 62fdf1f143b41e24485cea50d1cbac27 -> 
  custom:video-decoder-webm-vp8: 9c59270c3fd7afecdb556c50c9e8de78 -> 
  custom:audio-decoder-ogg-vorbis: bf7c407c2cedff20999df2af8eb42d56 -> 
========================================================================
Received Prepare
Assets/3D/3D de objetos/Comodas/Modelo 4/curveddresser.c4d: Unity no longer supports importing Cinema 4D files directly, but we're working with Maxon to make the experience better. To import Cinema 4D files, install Maxon's external importer. You can find more information on the Unity Forum: https://on.unity.com/c4d.

Please note that FBX files exported from Cinema4D are still supported.
Assets/Prefabs/Muebles/Lamparas/Lampara 3/Polyester Masa Lambası-Free3D.c4d: Unity no longer supports importing Cinema 4D files directly, but we're working with Maxon to make the experience better. To import Cinema 4D files, install Maxon's external importer. You can find more information on the Unity Forum: https://on.unity.com/c4d.

Please note that FBX files exported from Cinema4D are still supported.
Registering precompiled user dll's ...
Registered in 0.010636 seconds.
Begin MonoManager ReloadAssembly
Symbol file LoadedFromMemory doesn't match image C:\Users\Dell\Documents\GitHub\MIDAS\Proyectos2\Library\PackageCache\com.unity.visualscripting@1.7.8\Editor\VisualScripting.Core\Dependencies\YamlDotNet\Unity.VisualScripting.YamlDotNet.dll
Symbol file LoadedFromMemory doesn't match image C:\Users\Dell\Documents\GitHub\MIDAS\Proyectos2\Library\PackageCache\com.unity.visualscripting@1.7.8\Editor\VisualScripting.Core\Dependencies\DotNetZip\Unity.VisualScripting.IonicZip.dll
Native extension for WindowsStandalone target not found
Native extension for WebGL target not found
Refreshing native plugins compatible for Editor in 0.94 ms, found 5 plugins.
Preloading 0 native plugins for Editor in 0.00 ms.
Mono: successfully reloaded assembly
- Completed reload, in  1.690 seconds
Domain Reload Profiling:
	ReloadAssembly (1691ms)
		BeginReloadAssembly (241ms)
			ExecutionOrderSort (0ms)
			DisableScriptedObjects (11ms)
			BackupInstance (0ms)
			ReleaseScriptingObjects (0ms)
			CreateAndSetChildDomain (57ms)
		EndReloadAssembly (1236ms)
			LoadAssemblies (159ms)
			RebuildTransferFunctionScriptingTraits (0ms)
			SetupTypeCache (539ms)
			ReleaseScriptCaches (2ms)
			RebuildScriptCaches (61ms)
			SetupLoadedEditorAssemblies (437ms)
				LogAssemblyErrors (0ms)
				InitializePlatformSupportModulesInManaged (20ms)
				SetLoadedEditorAssemblies (1ms)
				RefreshPlugins (1ms)
				BeforeProcessingInitializeOnLoad (96ms)
				ProcessInitializeOnLoadAttributes (279ms)
				ProcessInitializeOnLoadMethodAttributes (30ms)
				AfterProcessingInitializeOnLoad (9ms)
				EditorAssembliesLoaded (0ms)
			ExecutionOrderSort2 (0ms)
			AwakeInstancesAfterBackupRestoration (9ms)
Platform modules already initialized, skipping
Refreshing native plugins compatible for Editor in 2.52 ms, found 5 plugins.
Preloading 0 native plugins for Editor in 0.00 ms.
Unloading 3584 Unused Serialized files (Serialized files now loaded: 0)
Unloading 23 unused Assets / (80.0 KB). Loaded Objects now: 4137.
Memory consumption went from 131.1 MB to 131.0 MB.
Total: 3.678900 ms (FindLiveObjects: 0.457000 ms CreateObjectMapping: 0.127200 ms MarkObjects: 2.975300 ms  DeleteObjects: 0.118000 ms)

AssetImportParameters requested are different than current active one (requested -> active):
  custom:video-decoder-ogg-theora: a1e56fd34408186e4bbccfd4996cb3dc -> 
  custom:container-muxer-webm: aa71ff27fc2769a1b78a27578f13a17b -> 
  custom:container-demuxer-webm: 4f35f7cbe854078d1ac9338744f61a02 -> 
  custom:video-encoder-webm-vp8: eb34c28f22e8b96e1ab97ce403110664 -> 
  custom:audio-encoder-webm-vorbis: bf7c407c2cedff20999df2af8eb42d56 -> 
  custom:framework-win-MediaFoundation: 216162199b28c13a410421893ffa2e32 -> 
  custom:container-demuxer-ogg: 62fdf1f143b41e24485cea50d1cbac27 -> 
  custom:video-decoder-webm-vp8: 9c59270c3fd7afecdb556c50c9e8de78 -> 
  custom:audio-decoder-ogg-vorbis: bf7c407c2cedff20999df2af8eb42d56 -> 
========================================================================
Received Prepare
Assets/3D/3D de objetos/Comodas/Modelo 4/curveddresser.c4d: Unity no longer supports importing Cinema 4D files directly, but we're working with Maxon to make the experience better. To import Cinema 4D files, install Maxon's external importer. You can find more information on the Unity Forum: https://on.unity.com/c4d.

Please note that FBX files exported from Cinema4D are still supported.
Assets/Prefabs/Muebles/Lamparas/Lampara 3/Polyester Masa Lambası-Free3D.c4d: Unity no longer supports importing Cinema 4D files directly, but we're working with Maxon to make the experience better. To import Cinema 4D files, install Maxon's external importer. You can find more information on the Unity Forum: https://on.unity.com/c4d.

Please note that FBX files exported from Cinema4D are still supported.
Registering precompiled user dll's ...
Registered in 0.010563 seconds.
Begin MonoManager ReloadAssembly
Symbol file LoadedFromMemory doesn't match image C:\Users\Dell\Documents\GitHub\MIDAS\Proyectos2\Library\PackageCache\com.unity.visualscripting@1.7.8\Editor\VisualScripting.Core\Dependencies\YamlDotNet\Unity.VisualScripting.YamlDotNet.dll
Symbol file LoadedFromMemory doesn't match image C:\Users\Dell\Documents\GitHub\MIDAS\Proyectos2\Library\PackageCache\com.unity.visualscripting@1.7.8\Editor\VisualScripting.Core\Dependencies\DotNetZip\Unity.VisualScripting.IonicZip.dll
Native extension for WindowsStandalone target not found
Native extension for WebGL target not found
Refreshing native plugins compatible for Editor in 2.18 ms, found 5 plugins.
Preloading 0 native plugins for Editor in 0.00 ms.
Mono: successfully reloaded assembly
- Completed reload, in  2.040 seconds
Domain Reload Profiling:
	ReloadAssembly (2042ms)
		BeginReloadAssembly (233ms)
			ExecutionOrderSort (0ms)
			DisableScriptedObjects (9ms)
			BackupInstance (0ms)
			ReleaseScriptingObjects (0ms)
			CreateAndSetChildDomain (64ms)
		EndReloadAssembly (1607ms)
			LoadAssemblies (159ms)
			RebuildTransferFunctionScriptingTraits (0ms)
			SetupTypeCache (549ms)
			ReleaseScriptCaches (4ms)
			RebuildScriptCaches (90ms)
			SetupLoadedEditorAssemblies (704ms)
				LogAssemblyErrors (0ms)
				InitializePlatformSupportModulesInManaged (36ms)
				SetLoadedEditorAssemblies (1ms)
				RefreshPlugins (2ms)
				BeforeProcessingInitializeOnLoad (133ms)
				ProcessInitializeOnLoadAttributes (463ms)
				ProcessInitializeOnLoadMethodAttributes (54ms)
				AfterProcessingInitializeOnLoad (15ms)
				EditorAssembliesLoaded (1ms)
			ExecutionOrderSort2 (0ms)
			AwakeInstancesAfterBackupRestoration (17ms)
Platform modules already initialized, skipping
Refreshing native plugins compatible for Editor in 3.72 ms, found 5 plugins.
Preloading 0 native plugins for Editor in 0.00 ms.
Unloading 3584 Unused Serialized files (Serialized files now loaded: 0)
Unloading 23 unused Assets / (80.0 KB). Loaded Objects now: 4140.
Memory consumption went from 131.1 MB to 131.0 MB.
Total: 5.631400 ms (FindLiveObjects: 0.629700 ms CreateObjectMapping: 0.231800 ms MarkObjects: 4.357300 ms  DeleteObjects: 0.410600 ms)

AssetImportParameters requested are different than current active one (requested -> active):
  custom:video-decoder-ogg-theora: a1e56fd34408186e4bbccfd4996cb3dc -> 
  custom:container-muxer-webm: aa71ff27fc2769a1b78a27578f13a17b -> 
  custom:container-demuxer-webm: 4f35f7cbe854078d1ac9338744f61a02 -> 
  custom:video-encoder-webm-vp8: eb34c28f22e8b96e1ab97ce403110664 -> 
  custom:audio-encoder-webm-vorbis: bf7c407c2cedff20999df2af8eb42d56 -> 
  custom:framework-win-MediaFoundation: 216162199b28c13a410421893ffa2e32 -> 
  custom:container-demuxer-ogg: 62fdf1f143b41e24485cea50d1cbac27 -> 
  custom:video-decoder-webm-vp8: 9c59270c3fd7afecdb556c50c9e8de78 -> 
  custom:audio-decoder-ogg-vorbis: bf7c407c2cedff20999df2af8eb42d56 -> 
========================================================================
Received Prepare
Assets/3D/3D de objetos/Comodas/Modelo 4/curveddresser.c4d: Unity no longer supports importing Cinema 4D files directly, but we're working with Maxon to make the experience better. To import Cinema 4D files, install Maxon's external importer. You can find more information on the Unity Forum: https://on.unity.com/c4d.

Please note that FBX files exported from Cinema4D are still supported.
Assets/Prefabs/Muebles/Lamparas/Lampara 3/Polyester Masa Lambası-Free3D.c4d: Unity no longer supports importing Cinema 4D files directly, but we're working with Maxon to make the experience better. To import Cinema 4D files, install Maxon's external importer. You can find more information on the Unity Forum: https://on.unity.com/c4d.

Please note that FBX files exported from Cinema4D are still supported.
Registering precompiled user dll's ...
Registered in 0.006706 seconds.
Begin MonoManager ReloadAssembly
Symbol file LoadedFromMemory doesn't match image C:\Users\Dell\Documents\GitHub\MIDAS\Proyectos2\Library\PackageCache\com.unity.visualscripting@1.7.8\Editor\VisualScripting.Core\Dependencies\YamlDotNet\Unity.VisualScripting.YamlDotNet.dll
Symbol file LoadedFromMemory doesn't match image C:\Users\Dell\Documents\GitHub\MIDAS\Proyectos2\Library\PackageCache\com.unity.visualscripting@1.7.8\Editor\VisualScripting.Core\Dependencies\DotNetZip\Unity.VisualScripting.IonicZip.dll
Native extension for WindowsStandalone target not found
Native extension for WebGL target not found
Refreshing native plugins compatible for Editor in 1.29 ms, found 5 plugins.
Preloading 0 native plugins for Editor in 0.00 ms.
Mono: successfully reloaded assembly
- Completed reload, in  1.458 seconds
Domain Reload Profiling:
	ReloadAssembly (1459ms)
		BeginReloadAssembly (174ms)
			ExecutionOrderSort (0ms)
			DisableScriptedObjects (6ms)
			BackupInstance (0ms)
			ReleaseScriptingObjects (0ms)
			CreateAndSetChildDomain (50ms)
		EndReloadAssembly (1148ms)
			LoadAssemblies (125ms)
			RebuildTransferFunctionScriptingTraits (0ms)
			SetupTypeCache (378ms)
			ReleaseScriptCaches (3ms)
			RebuildScriptCaches (72ms)
			SetupLoadedEditorAssemblies (502ms)
				LogAssemblyErrors (0ms)
				InitializePlatformSupportModulesInManaged (28ms)
				SetLoadedEditorAssemblies (1ms)
				RefreshPlugins (1ms)
				BeforeProcessingInitializeOnLoad (91ms)
				ProcessInitializeOnLoadAttributes (332ms)
				ProcessInitializeOnLoadMethodAttributes (41ms)
				AfterProcessingInitializeOnLoad (8ms)
				EditorAssembliesLoaded (0ms)
			ExecutionOrderSort2 (0ms)
			AwakeInstancesAfterBackupRestoration (7ms)
Platform modules already initialized, skipping
Refreshing native plugins compatible for Editor in 4.29 ms, found 5 plugins.
Preloading 0 native plugins for Editor in 0.00 ms.
Unloading 3584 Unused Serialized files (Serialized files now loaded: 0)
Unloading 23 unused Assets / (79.9 KB). Loaded Objects now: 4143.
Memory consumption went from 131.1 MB to 131.0 MB.
Total: 5.094500 ms (FindLiveObjects: 0.619000 ms CreateObjectMapping: 0.204000 ms MarkObjects: 4.053800 ms  DeleteObjects: 0.215300 ms)

AssetImportParameters requested are different than current active one (requested -> active):
  custom:video-decoder-ogg-theora: a1e56fd34408186e4bbccfd4996cb3dc -> 
  custom:container-muxer-webm: aa71ff27fc2769a1b78a27578f13a17b -> 
  custom:container-demuxer-webm: 4f35f7cbe854078d1ac9338744f61a02 -> 
  custom:video-encoder-webm-vp8: eb34c28f22e8b96e1ab97ce403110664 -> 
  custom:audio-encoder-webm-vorbis: bf7c407c2cedff20999df2af8eb42d56 -> 
  custom:framework-win-MediaFoundation: 216162199b28c13a410421893ffa2e32 -> 
  custom:container-demuxer-ogg: 62fdf1f143b41e24485cea50d1cbac27 -> 
  custom:video-decoder-webm-vp8: 9c59270c3fd7afecdb556c50c9e8de78 -> 
  custom:audio-decoder-ogg-vorbis: bf7c407c2cedff20999df2af8eb42d56 -> 
========================================================================
Received Prepare
Assets/3D/3D de objetos/Comodas/Modelo 4/curveddresser.c4d: Unity no longer supports importing Cinema 4D files directly, but we're working with Maxon to make the experience better. To import Cinema 4D files, install Maxon's external importer. You can find more information on the Unity Forum: https://on.unity.com/c4d.

Please note that FBX files exported from Cinema4D are still supported.
Assets/Prefabs/Muebles/Lamparas/Lampara 3/Polyester Masa Lambası-Free3D.c4d: Unity no longer supports importing Cinema 4D files directly, but we're working with Maxon to make the experience better. To import Cinema 4D files, install Maxon's external importer. You can find more information on the Unity Forum: https://on.unity.com/c4d.

Please note that FBX files exported from Cinema4D are still supported.
Registering precompiled user dll's ...
Registered in 0.008870 seconds.
Begin MonoManager ReloadAssembly
Symbol file LoadedFromMemory doesn't match image C:\Users\Dell\Documents\GitHub\MIDAS\Proyectos2\Library\PackageCache\com.unity.visualscripting@1.7.8\Editor\VisualScripting.Core\Dependencies\YamlDotNet\Unity.VisualScripting.YamlDotNet.dll
Symbol file LoadedFromMemory doesn't match image C:\Users\Dell\Documents\GitHub\MIDAS\Proyectos2\Library\PackageCache\com.unity.visualscripting@1.7.8\Editor\VisualScripting.Core\Dependencies\DotNetZip\Unity.VisualScripting.IonicZip.dll
Native extension for WindowsStandalone target not found
Native extension for WebGL target not found
Refreshing native plugins compatible for Editor in 0.88 ms, found 5 plugins.
Preloading 0 native plugins for Editor in 0.00 ms.
Mono: successfully reloaded assembly
- Completed reload, in  1.711 seconds
Domain Reload Profiling:
	ReloadAssembly (1712ms)
		BeginReloadAssembly (233ms)
			ExecutionOrderSort (0ms)
			DisableScriptedObjects (10ms)
			BackupInstance (0ms)
			ReleaseScriptingObjects (0ms)
			CreateAndSetChildDomain (67ms)
		EndReloadAssembly (1322ms)
			LoadAssemblies (151ms)
			RebuildTransferFunctionScriptingTraits (0ms)
			SetupTypeCache (539ms)
			ReleaseScriptCaches (3ms)
			RebuildScriptCaches (77ms)
			SetupLoadedEditorAssemblies (496ms)
				LogAssemblyErrors (0ms)
				InitializePlatformSupportModulesInManaged (23ms)
				SetLoadedEditorAssemblies (1ms)
				RefreshPlugins (1ms)
				BeforeProcessingInitializeOnLoad (110ms)
				ProcessInitializeOnLoadAttributes (314ms)
				ProcessInitializeOnLoadMethodAttributes (37ms)
				AfterProcessingInitializeOnLoad (9ms)
				EditorAssembliesLoaded (0ms)
			ExecutionOrderSort2 (0ms)
			AwakeInstancesAfterBackupRestoration (9ms)
Platform modules already initialized, skipping
Refreshing native plugins compatible for Editor in 3.25 ms, found 5 plugins.
Preloading 0 native plugins for Editor in 0.00 ms.
Unloading 3584 Unused Serialized files (Serialized files now loaded: 0)
Unloading 23 unused Assets / (80.0 KB). Loaded Objects now: 4146.
Memory consumption went from 131.1 MB to 131.0 MB.
Total: 5.820300 ms (FindLiveObjects: 0.597400 ms CreateObjectMapping: 0.109900 ms MarkObjects: 4.862800 ms  DeleteObjects: 0.247200 ms)

AssetImportParameters requested are different than current active one (requested -> active):
  custom:video-decoder-ogg-theora: a1e56fd34408186e4bbccfd4996cb3dc -> 
  custom:container-muxer-webm: aa71ff27fc2769a1b78a27578f13a17b -> 
  custom:container-demuxer-webm: 4f35f7cbe854078d1ac9338744f61a02 -> 
  custom:video-encoder-webm-vp8: eb34c28f22e8b96e1ab97ce403110664 -> 
  custom:audio-encoder-webm-vorbis: bf7c407c2cedff20999df2af8eb42d56 -> 
  custom:framework-win-MediaFoundation: 216162199b28c13a410421893ffa2e32 -> 
  custom:container-demuxer-ogg: 62fdf1f143b41e24485cea50d1cbac27 -> 
  custom:video-decoder-webm-vp8: 9c59270c3fd7afecdb556c50c9e8de78 -> 
  custom:audio-decoder-ogg-vorbis: bf7c407c2cedff20999df2af8eb42d56 -> 
========================================================================
Received Prepare
Assets/3D/3D de objetos/Comodas/Modelo 4/curveddresser.c4d: Unity no longer supports importing Cinema 4D files directly, but we're working with Maxon to make the experience better. To import Cinema 4D files, install Maxon's external importer. You can find more information on the Unity Forum: https://on.unity.com/c4d.

Please note that FBX files exported from Cinema4D are still supported.
Assets/Prefabs/Muebles/Lamparas/Lampara 3/Polyester Masa Lambası-Free3D.c4d: Unity no longer supports importing Cinema 4D files directly, but we're working with Maxon to make the experience better. To import Cinema 4D files, install Maxon's external importer. You can find more information on the Unity Forum: https://on.unity.com/c4d.

Please note that FBX files exported from Cinema4D are still supported.
Registering precompiled user dll's ...
Registered in 0.011076 seconds.
Begin MonoManager ReloadAssembly
Symbol file LoadedFromMemory doesn't match image C:\Users\Dell\Documents\GitHub\MIDAS\Proyectos2\Library\PackageCache\com.unity.visualscripting@1.7.8\Editor\VisualScripting.Core\Dependencies\YamlDotNet\Unity.VisualScripting.YamlDotNet.dll
Symbol file LoadedFromMemory doesn't match image C:\Users\Dell\Documents\GitHub\MIDAS\Proyectos2\Library\PackageCache\com.unity.visualscripting@1.7.8\Editor\VisualScripting.Core\Dependencies\DotNetZip\Unity.VisualScripting.IonicZip.dll
Native extension for WindowsStandalone target not found
Native extension for WebGL target not found
Refreshing native plugins compatible for Editor in 1.54 ms, found 5 plugins.
Preloading 0 native plugins for Editor in 0.00 ms.
Mono: successfully reloaded assembly
- Completed reload, in  1.882 seconds
Domain Reload Profiling:
	ReloadAssembly (1883ms)
		BeginReloadAssembly (236ms)
			ExecutionOrderSort (0ms)
			DisableScriptedObjects (10ms)
			BackupInstance (0ms)
			ReleaseScriptingObjects (0ms)
			CreateAndSetChildDomain (52ms)
		EndReloadAssembly (1420ms)
			LoadAssemblies (177ms)
			RebuildTransferFunctionScriptingTraits (0ms)
			SetupTypeCache (542ms)
			ReleaseScriptCaches (3ms)
			RebuildScriptCaches (86ms)
			SetupLoadedEditorAssemblies (545ms)
				LogAssemblyErrors (0ms)
				InitializePlatformSupportModulesInManaged (29ms)
				SetLoadedEditorAssemblies (1ms)
				RefreshPlugins (2ms)
				BeforeProcessingInitializeOnLoad (121ms)
				ProcessInitializeOnLoadAttributes (344ms)
				ProcessInitializeOnLoadMethodAttributes (37ms)
				AfterProcessingInitializeOnLoad (10ms)
				EditorAssembliesLoaded (0ms)
			ExecutionOrderSort2 (0ms)
			AwakeInstancesAfterBackupRestoration (10ms)
Platform modules already initialized, skipping
Refreshing native plugins compatible for Editor in 5.44 ms, found 5 plugins.
Preloading 0 native plugins for Editor in 0.00 ms.
Unloading 3584 Unused Serialized files (Serialized files now loaded: 0)
Unloading 23 unused Assets / (80.2 KB). Loaded Objects now: 4149.
Memory consumption went from 131.1 MB to 131.0 MB.
Total: 6.521700 ms (FindLiveObjects: 1.352300 ms CreateObjectMapping: 0.300300 ms MarkObjects: 4.649900 ms  DeleteObjects: 0.216700 ms)

AssetImportParameters requested are different than current active one (requested -> active):
  custom:video-decoder-ogg-theora: a1e56fd34408186e4bbccfd4996cb3dc -> 
  custom:container-muxer-webm: aa71ff27fc2769a1b78a27578f13a17b -> 
  custom:container-demuxer-webm: 4f35f7cbe854078d1ac9338744f61a02 -> 
  custom:video-encoder-webm-vp8: eb34c28f22e8b96e1ab97ce403110664 -> 
  custom:audio-encoder-webm-vorbis: bf7c407c2cedff20999df2af8eb42d56 -> 
  custom:framework-win-MediaFoundation: 216162199b28c13a410421893ffa2e32 -> 
  custom:container-demuxer-ogg: 62fdf1f143b41e24485cea50d1cbac27 -> 
  custom:video-decoder-webm-vp8: 9c59270c3fd7afecdb556c50c9e8de78 -> 
  custom:audio-decoder-ogg-vorbis: bf7c407c2cedff20999df2af8eb42d56 -> 
