Using pre-set license
Built from '2021.3/staging' branch; Version is '2021.3.23f1 (213b516bf396) revision 2177873'; Using compiler version '192829333'; Build Type 'Release'
OS: 'Windows 11  (10.0.22000) 64bit Professional' Language: 'es' Physical Memory: 15741 MB
BatchMode: 1, IsHumanControllingUs: 0, StartBugReporterOnCrash: 0, Is64bit: 1, IsPro: 1

COMMAND LINE ARGUMENTS:
C:\Program Files\Unity\Hub\Editor\2021.3.23f1\Editor\Unity.exe
-adb2
-batchMode
-noUpm
-name
AssetImportWorker3
-projectPath
C:/Users/Dell/Documents/GitHub/MIDAS/Proyectos2
-logFile
Logs/AssetImportWorker3.log
-srvPort
61288
Successfully changed project path to: C:/Users/Dell/Documents/GitHub/MIDAS/Proyectos2
C:/Users/Dell/Documents/GitHub/MIDAS/Proyectos2
[UnityMemory] Configuration Parameters - Can be set up in boot.config
    "memorysetup-bucket-allocator-granularity=16"
    "memorysetup-bucket-allocator-bucket-count=8"
    "memorysetup-bucket-allocator-block-size=33554432"
    "memorysetup-bucket-allocator-block-count=8"
    "memorysetup-main-allocator-block-size=16777216"
    "memorysetup-thread-allocator-block-size=16777216"
    "memorysetup-gfx-main-allocator-block-size=16777216"
    "memorysetup-gfx-thread-allocator-block-size=16777216"
    "memorysetup-cache-allocator-block-size=4194304"
    "memorysetup-typetree-allocator-block-size=2097152"
    "memorysetup-profiler-bucket-allocator-granularity=16"
    "memorysetup-profiler-bucket-allocator-bucket-count=8"
    "memorysetup-profiler-bucket-allocator-block-size=33554432"
    "memorysetup-profiler-bucket-allocator-block-count=8"
    "memorysetup-profiler-allocator-block-size=16777216"
    "memorysetup-profiler-editor-allocator-block-size=1048576"
    "memorysetup-temp-allocator-size-main=16777216"
    "memorysetup-job-temp-allocator-block-size=2097152"
    "memorysetup-job-temp-allocator-block-size-background=1048576"
    "memorysetup-job-temp-allocator-reduction-small-platforms=262144"
    "memorysetup-temp-allocator-size-background-worker=32768"
    "memorysetup-temp-allocator-size-job-worker=262144"
    "memorysetup-temp-allocator-size-preload-manager=33554432"
    "memorysetup-temp-allocator-size-nav-mesh-worker=65536"
    "memorysetup-temp-allocator-size-audio-worker=65536"
    "memorysetup-temp-allocator-size-cloud-worker=32768"
    "memorysetup-temp-allocator-size-gi-baking-worker=262144"
    "memorysetup-temp-allocator-size-gfx=262144"
Player connection [21964] Host "[IP] 192.168.80.1 [Port] 0 [Flags] 2 [Guid] 4026611275 [EditorId] 4026611275 [Version] 1048832 [Id] WindowsEditor(7,DESKTOP-KL0MDJR) [Debug] 1 [PackageName] WindowsEditor [ProjectName] Editor" joined multi-casting on [225.0.0.222:54997]...

Player connection [21964] Host "[IP] 192.168.80.1 [Port] 0 [Flags] 2 [Guid] 4026611275 [EditorId] 4026611275 [Version] 1048832 [Id] WindowsEditor(7,DESKTOP-KL0MDJR) [Debug] 1 [PackageName] WindowsEditor [ProjectName] Editor" joined alternative multi-casting on [225.0.0.222:34997]...

Assets/3D/3D de objetos/Comodas/Modelo 4/curveddresser.c4d: Unity no longer supports importing Cinema 4D files directly, but we're working with Maxon to make the experience better. To import Cinema 4D files, install Maxon's external importer. You can find more information on the Unity Forum: https://on.unity.com/c4d.

Please note that FBX files exported from Cinema4D are still supported.
Assets/Prefabs/Muebles/Lamparas/Lampara 3/Polyester Masa Lambası-Free3D.c4d: Unity no longer supports importing Cinema 4D files directly, but we're working with Maxon to make the experience better. To import Cinema 4D files, install Maxon's external importer. You can find more information on the Unity Forum: https://on.unity.com/c4d.

Please note that FBX files exported from Cinema4D are still supported.
Refreshing native plugins compatible for Editor in 201.17 ms, found 5 plugins.
Preloading 0 native plugins for Editor in 0.00 ms.
Initialize engine version: 2021.3.23f1 (213b516bf396)
[Subsystems] Discovering subsystems at path C:/Program Files/Unity/Hub/Editor/2021.3.23f1/Editor/Data/Resources/UnitySubsystems
[Subsystems] Discovering subsystems at path C:/Users/Dell/Documents/GitHub/MIDAS/Proyectos2/Assets
GfxDevice: creating device client; threaded=0; jobified=0
Direct3D:
    Version:  Direct3D 11.0 [level 11.1]
    Renderer: AMD Radeon(TM) Graphics (ID=0x1636)
    Vendor:   ATI
    VRAM:     7870 MB
    Driver:   31.0.12019.15004
Initialize mono
Mono path[0] = 'C:/Program Files/Unity/Hub/Editor/2021.3.23f1/Editor/Data/Managed'
Mono path[1] = 'C:/Program Files/Unity/Hub/Editor/2021.3.23f1/Editor/Data/MonoBleedingEdge/lib/mono/unityjit-win32'
Mono config path = 'C:/Program Files/Unity/Hub/Editor/2021.3.23f1/Editor/Data/MonoBleedingEdge/etc'
Using monoOptions --debugger-agent=transport=dt_socket,embedding=1,server=y,suspend=n,address=127.0.0.1:56936
Begin MonoManager ReloadAssembly
Registering precompiled unity dll's ...
Register platform support module: C:/Program Files/Unity/Hub/Editor/2021.3.23f1/Editor/Data/PlaybackEngines/WindowsStandaloneSupport/UnityEditor.WindowsStandalone.Extensions.dll
Registered in 0.011636 seconds.
Native extension for WindowsStandalone target not found
Assets/3D/3D de objetos/Comodas/Modelo 4/curveddresser.c4d: Unity no longer supports importing Cinema 4D files directly, but we're working with Maxon to make the experience better. To import Cinema 4D files, install Maxon's external importer. You can find more information on the Unity Forum: https://on.unity.com/c4d.

Please note that FBX files exported from Cinema4D are still supported.
Assets/Prefabs/Muebles/Lamparas/Lampara 3/Polyester Masa Lambası-Free3D.c4d: Unity no longer supports importing Cinema 4D files directly, but we're working with Maxon to make the experience better. To import Cinema 4D files, install Maxon's external importer. You can find more information on the Unity Forum: https://on.unity.com/c4d.

Please note that FBX files exported from Cinema4D are still supported.
Refreshing native plugins compatible for Editor in 215.12 ms, found 5 plugins.
Preloading 0 native plugins for Editor in 0.00 ms.
Mono: successfully reloaded assembly
- Completed reload, in  1.400 seconds
Domain Reload Profiling:
	ReloadAssembly (1401ms)
		BeginReloadAssembly (148ms)
			ExecutionOrderSort (0ms)
			DisableScriptedObjects (0ms)
			BackupInstance (0ms)
			ReleaseScriptingObjects (0ms)
			CreateAndSetChildDomain (1ms)
		EndReloadAssembly (1006ms)
			LoadAssemblies (144ms)
			RebuildTransferFunctionScriptingTraits (0ms)
			SetupTypeCache (213ms)
			ReleaseScriptCaches (0ms)
			RebuildScriptCaches (84ms)
			SetupLoadedEditorAssemblies (589ms)
				LogAssemblyErrors (0ms)
				InitializePlatformSupportModulesInManaged (20ms)
				SetLoadedEditorAssemblies (0ms)
				RefreshPlugins (215ms)
				BeforeProcessingInitializeOnLoad (2ms)
				ProcessInitializeOnLoadAttributes (241ms)
				ProcessInitializeOnLoadMethodAttributes (109ms)
				AfterProcessingInitializeOnLoad (0ms)
				EditorAssembliesLoaded (0ms)
			ExecutionOrderSort2 (0ms)
			AwakeInstancesAfterBackupRestoration (0ms)
Platform modules already initialized, skipping
Registering precompiled user dll's ...
Registered in 0.009724 seconds.
Begin MonoManager ReloadAssembly
Symbol file LoadedFromMemory doesn't match image C:\Users\Dell\Documents\GitHub\MIDAS\Proyectos2\Library\PackageCache\com.unity.visualscripting@1.8.0\Editor\VisualScripting.Core\Dependencies\YamlDotNet\Unity.VisualScripting.YamlDotNet.dll
Symbol file LoadedFromMemory doesn't match image C:\Users\Dell\Documents\GitHub\MIDAS\Proyectos2\Library\PackageCache\com.unity.visualscripting@1.8.0\Editor\VisualScripting.Core\Dependencies\DotNetZip\Unity.VisualScripting.IonicZip.dll
Native extension for WindowsStandalone target not found
Refreshing native plugins compatible for Editor in 1.23 ms, found 5 plugins.
Preloading 0 native plugins for Editor in 0.00 ms.
Mono: successfully reloaded assembly
- Completed reload, in  2.064 seconds
Domain Reload Profiling:
	ReloadAssembly (2066ms)
		BeginReloadAssembly (240ms)
			ExecutionOrderSort (0ms)
			DisableScriptedObjects (14ms)
			BackupInstance (0ms)
			ReleaseScriptingObjects (0ms)
			CreateAndSetChildDomain (35ms)
		EndReloadAssembly (1584ms)
			LoadAssemblies (174ms)
			RebuildTransferFunctionScriptingTraits (0ms)
			SetupTypeCache (538ms)
			ReleaseScriptCaches (1ms)
			RebuildScriptCaches (118ms)
			SetupLoadedEditorAssemblies (704ms)
				LogAssemblyErrors (0ms)
				InitializePlatformSupportModulesInManaged (10ms)
				SetLoadedEditorAssemblies (1ms)
				RefreshPlugins (1ms)
				BeforeProcessingInitializeOnLoad (175ms)
				ProcessInitializeOnLoadAttributes (462ms)
				ProcessInitializeOnLoadMethodAttributes (43ms)
				AfterProcessingInitializeOnLoad (12ms)
				EditorAssembliesLoaded (1ms)
			ExecutionOrderSort2 (0ms)
			AwakeInstancesAfterBackupRestoration (11ms)
Platform modules already initialized, skipping
Assets/3D/3D de objetos/Comodas/Modelo 4/curveddresser.c4d: Unity no longer supports importing Cinema 4D files directly, but we're working with Maxon to make the experience better. To import Cinema 4D files, install Maxon's external importer. You can find more information on the Unity Forum: https://on.unity.com/c4d.

Please note that FBX files exported from Cinema4D are still supported.
Assets/Prefabs/Muebles/Lamparas/Lampara 3/Polyester Masa Lambası-Free3D.c4d: Unity no longer supports importing Cinema 4D files directly, but we're working with Maxon to make the experience better. To import Cinema 4D files, install Maxon's external importer. You can find more information on the Unity Forum: https://on.unity.com/c4d.

Please note that FBX files exported from Cinema4D are still supported.
========================================================================
Worker process is ready to serve import requests
Assets/3D/3D de objetos/Comodas/Modelo 4/curveddresser.c4d: Unity no longer supports importing Cinema 4D files directly, but we're working with Maxon to make the experience better. To import Cinema 4D files, install Maxon's external importer. You can find more information on the Unity Forum: https://on.unity.com/c4d.

Please note that FBX files exported from Cinema4D are still supported.
Assets/Prefabs/Muebles/Lamparas/Lampara 3/Polyester Masa Lambası-Free3D.c4d: Unity no longer supports importing Cinema 4D files directly, but we're working with Maxon to make the experience better. To import Cinema 4D files, install Maxon's external importer. You can find more information on the Unity Forum: https://on.unity.com/c4d.

Please note that FBX files exported from Cinema4D are still supported.
Launched and connected shader compiler UnityShaderCompiler.exe after 0.10 seconds
Refreshing native plugins compatible for Editor in 2.15 ms, found 5 plugins.
Preloading 0 native plugins for Editor in 0.00 ms.
Unloading 3295 Unused Serialized files (Serialized files now loaded: 0)
Unloading 27 unused Assets / (113.5 KB). Loaded Objects now: 3755.
Memory consumption went from 117.6 MB to 117.5 MB.
Total: 7.085500 ms (FindLiveObjects: 0.894100 ms CreateObjectMapping: 0.451100 ms MarkObjects: 5.403200 ms  DeleteObjects: 0.332700 ms)

AssetImportParameters requested are different than current active one (requested -> active):
  custom:video-decoder-ogg-theora: a1e56fd34408186e4bbccfd4996cb3dc -> 
  custom:container-muxer-webm: aa71ff27fc2769a1b78a27578f13a17b -> 
  custom:container-demuxer-webm: 4f35f7cbe854078d1ac9338744f61a02 -> 
  custom:video-encoder-webm-vp8: eb34c28f22e8b96e1ab97ce403110664 -> 
  custom:audio-encoder-webm-vorbis: bf7c407c2cedff20999df2af8eb42d56 -> 
  custom:framework-win-MediaFoundation: 216162199b28c13a410421893ffa2e32 -> 
  custom:container-demuxer-ogg: 62fdf1f143b41e24485cea50d1cbac27 -> 
  custom:video-decoder-webm-vp8: 9c59270c3fd7afecdb556c50c9e8de78 -> 
  custom:audio-decoder-ogg-vorbis: bf7c407c2cedff20999df2af8eb42d56 -> 
========================================================================
Received Import Request.
  Time since last request: 20948.375751 seconds.
  path: Assets/Materiales/MatSuelo/Suelo/Materials/narrow-floorboards1-ao.mat
  artifactKey: Guid(f98cc17c94b6f2d408db2ad7cba493a7) Importer(815301076,1909f56bfc062723c751e8b465ee728b)
Start importing Assets/Materiales/MatSuelo/Suelo/Materials/narrow-floorboards1-ao.mat using Guid(f98cc17c94b6f2d408db2ad7cba493a7) Importer(815301076,1909f56bfc062723c751e8b465ee728b)  -> (artifact id: '6087d178ea8327696593488c72bbc6f3') in 0.241825 seconds 
========================================================================
Received Import Request.
  Time since last request: 890.907535 seconds.
  path: Assets/Prefabs/prueba1 1.prefab
  artifactKey: Guid(a3ee36d6c9e3de347be36081b0c12b7a) Importer(815301076,1909f56bfc062723c751e8b465ee728b)
Start importing Assets/Prefabs/prueba1 1.prefab using Guid(a3ee36d6c9e3de347be36081b0c12b7a) Importer(815301076,1909f56bfc062723c751e8b465ee728b)  -> (artifact id: '90338eea568faf3be45ca6106e745ebb') in 0.043578 seconds 
========================================================================
Received Import Request.
  Time since last request: 4.498065 seconds.
  path: Assets/Prefabs/Muebles/Camas/CamaContemp.prefab
  artifactKey: Guid(587b240a03052c14c83ae4e3bd14f36d) Importer(815301076,1909f56bfc062723c751e8b465ee728b)
Start importing Assets/Prefabs/Muebles/Camas/CamaContemp.prefab using Guid(587b240a03052c14c83ae4e3bd14f36d) Importer(815301076,1909f56bfc062723c751e8b465ee728b)  -> (artifact id: '4ea38934b46d2b672bb323858e797121') in 0.120523 seconds 
========================================================================
Received Import Request.
  Time since last request: 55.904722 seconds.
  path: Assets/Prefabs/Muebles/Comodas/Comoda 4.prefab
  artifactKey: Guid(32946b0448596c84b886d64317bd64ab) Importer(815301076,1909f56bfc062723c751e8b465ee728b)
Start importing Assets/Prefabs/Muebles/Comodas/Comoda 4.prefab using Guid(32946b0448596c84b886d64317bd64ab) Importer(815301076,1909f56bfc062723c751e8b465ee728b)  -> (artifact id: '5175f27bd7f2d1a7a0d72a9bc992a55a') in 0.035098 seconds 
========================================================================
Received Import Request.
  Time since last request: 0.000061 seconds.
  path: Assets/Prefabs/Muebles/Comodas/Comoda3.prefab
  artifactKey: Guid(39632787519d809469ba8705bc18014f) Importer(815301076,1909f56bfc062723c751e8b465ee728b)
Start importing Assets/Prefabs/Muebles/Comodas/Comoda3.prefab using Guid(39632787519d809469ba8705bc18014f) Importer(815301076,1909f56bfc062723c751e8b465ee728b)  -> (artifact id: '9b3b7c082ef77cd9aca54cd5faa60d3a') in 0.076673 seconds 
========================================================================
Received Import Request.
  Time since last request: 179.192442 seconds.
  path: Assets/Prefabs/Muebles/Cuadros/CuadroModerno.prefab
  artifactKey: Guid(c82f89335999b0e498c5c0c608d6ab3c) Importer(815301076,1909f56bfc062723c751e8b465ee728b)
Start importing Assets/Prefabs/Muebles/Cuadros/CuadroModerno.prefab using Guid(c82f89335999b0e498c5c0c608d6ab3c) Importer(815301076,1909f56bfc062723c751e8b465ee728b)  -> (artifact id: 'e32aacdd50e7e8cea630042db625c8dc') in 0.047719 seconds 
========================================================================
Received Import Request.
  Time since last request: 1.778955 seconds.
  path: Assets/Prefabs/Muebles/Escritorios/Escritorio3.prefab
  artifactKey: Guid(6a91bf8bdd820c642be25129a99e7401) Importer(815301076,1909f56bfc062723c751e8b465ee728b)
Start importing Assets/Prefabs/Muebles/Escritorios/Escritorio3.prefab using Guid(6a91bf8bdd820c642be25129a99e7401) Importer(815301076,1909f56bfc062723c751e8b465ee728b)  -> (artifact id: '3589d5833d3468e7b4e2e410fd488665') in 0.036188 seconds 
========================================================================
Received Import Request.
  Time since last request: 0.000043 seconds.
  path: Assets/Prefabs/Muebles/Escritorios/Escritorio5.prefab
  artifactKey: Guid(3bf2e9e5e9de12740869519f8a7305c8) Importer(815301076,1909f56bfc062723c751e8b465ee728b)
Start importing Assets/Prefabs/Muebles/Escritorios/Escritorio5.prefab using Guid(3bf2e9e5e9de12740869519f8a7305c8) Importer(815301076,1909f56bfc062723c751e8b465ee728b)  -> (artifact id: '8a106ae30d04393f00927ff16d3e5246') in 0.043504 seconds 
========================================================================
Received Import Request.
  Time since last request: 0.000081 seconds.
  path: Assets/Prefabs/Muebles/Escritorios/mesaModerna2.prefab
  artifactKey: Guid(33edfc3ed53c2bc4ca20d5c2af659499) Importer(815301076,1909f56bfc062723c751e8b465ee728b)
Start importing Assets/Prefabs/Muebles/Escritorios/mesaModerna2.prefab using Guid(33edfc3ed53c2bc4ca20d5c2af659499) Importer(815301076,1909f56bfc062723c751e8b465ee728b)  -> (artifact id: '6343a9e023e9c00c0b73bc99109a094e') in 0.031769 seconds 
========================================================================
Received Import Request.
  Time since last request: 218.143297 seconds.
  path: Assets/Prefabs/Muebles/Lamparas/Lampara 4/Table_Lamp_V2_L3.123c3c53a904-bc2e-43f1-b75e-97c08a6323f1/10321_table_lamp_v2_L3.obj
  artifactKey: Guid(cd0db19ec551a4d4d8e6c50cd09f0dfb) Importer(815301076,1909f56bfc062723c751e8b465ee728b)
Start importing Assets/Prefabs/Muebles/Lamparas/Lampara 4/Table_Lamp_V2_L3.123c3c53a904-bc2e-43f1-b75e-97c08a6323f1/10321_table_lamp_v2_L3.obj using Guid(cd0db19ec551a4d4d8e6c50cd09f0dfb) Importer(815301076,1909f56bfc062723c751e8b465ee728b)  -> (artifact id: '81c24b9fcc64cc3249ab3136e7e65c1f') in 0.082261 seconds 
========================================================================
Received Import Request.
  Time since last request: 0.000040 seconds.
  path: Assets/Prefabs/Muebles/Lamparas/Lampara 3/Polyester Masa Lambası-Free3D.fbx
  artifactKey: Guid(4bb864e210272704d8ff07f82fa3b2a0) Importer(815301076,1909f56bfc062723c751e8b465ee728b)
Start importing Assets/Prefabs/Muebles/Lamparas/Lampara 3/Polyester Masa Lambası-Free3D.fbx using Guid(4bb864e210272704d8ff07f82fa3b2a0) Importer(815301076,1909f56bfc062723c751e8b465ee728b)  -> (artifact id: '4c665ba28aa2a3ea0403320f0170948d') in 0.224940 seconds 
========================================================================
Received Import Request.
  Time since last request: 0.000041 seconds.
  path: Assets/3D/3D de objetos/Alfombras/Contemporanea/tinker.obj
  artifactKey: Guid(c4e59bc06363c3a4ebfba7f8ffa2a346) Importer(815301076,1909f56bfc062723c751e8b465ee728b)
Start importing Assets/3D/3D de objetos/Alfombras/Contemporanea/tinker.obj using Guid(c4e59bc06363c3a4ebfba7f8ffa2a346) Importer(815301076,1909f56bfc062723c751e8b465ee728b)  -> (artifact id: '11e60e0600b59c8e43d20bc1bca4d683') in 0.174331 seconds 
========================================================================
Received Import Request.
  Time since last request: 0.000043 seconds.
  path: Assets/3D/3D de objetos/Sillas/Contemporanea/tinker.obj
  artifactKey: Guid(561d867f48b9eab4197fbcf1f3160f81) Importer(815301076,1909f56bfc062723c751e8b465ee728b)
Start importing Assets/3D/3D de objetos/Sillas/Contemporanea/tinker.obj using Guid(561d867f48b9eab4197fbcf1f3160f81) Importer(815301076,1909f56bfc062723c751e8b465ee728b)  -> (artifact id: '6f15b02fc4dead859b41738596ca0518') in 0.034576 seconds 
========================================================================
Received Import Request.
  Time since last request: 0.000060 seconds.
  path: Assets/3D/3D de objetos/Camas/Contem/tinker.obj
  artifactKey: Guid(0aabd6d027eaacb41aea59a38de7cd59) Importer(815301076,1909f56bfc062723c751e8b465ee728b)
Start importing Assets/3D/3D de objetos/Camas/Contem/tinker.obj using Guid(0aabd6d027eaacb41aea59a38de7cd59) Importer(815301076,1909f56bfc062723c751e8b465ee728b)  -> (artifact id: 'ba9494935c8b4e377973e1fe7f0231b1') in 0.104706 seconds 
========================================================================
Received Import Request.
  Time since last request: 0.000131 seconds.
  path: Assets/3D/3D de objetos/Muebles de TV/Mueble Moderno/tinker.obj
  artifactKey: Guid(d9590d4c47947514884046121a89dc56) Importer(815301076,1909f56bfc062723c751e8b465ee728b)
Start importing Assets/3D/3D de objetos/Muebles de TV/Mueble Moderno/tinker.obj using Guid(d9590d4c47947514884046121a89dc56) Importer(815301076,1909f56bfc062723c751e8b465ee728b)  -> (artifact id: '945b4aecebf89a8dc1601c856c344ada') in 0.103683 seconds 
========================================================================
Received Import Request.
  Time since last request: 0.000058 seconds.
  path: Assets/TextMesh Pro/Examples & Extras/Resources/Fonts & Materials/Anton SDF - Sunny Days.mat
  artifactKey: Guid(6522f30e342599e4e9dd4cc2cc03c830) Importer(815301076,1909f56bfc062723c751e8b465ee728b)
Start importing Assets/TextMesh Pro/Examples & Extras/Resources/Fonts & Materials/Anton SDF - Sunny Days.mat using Guid(6522f30e342599e4e9dd4cc2cc03c830) Importer(815301076,1909f56bfc062723c751e8b465ee728b)  -> (artifact id: '693f6e58e9cf25e010a609e9d7cf5430') in 0.177765 seconds 
========================================================================
Received Import Request.
  Time since last request: 0.000036 seconds.
  path: Assets/3D/3D de objetos/Cuadros/Contemporaneo/tinker.obj
  artifactKey: Guid(4309ac12ca52cc84a907b9d761b8cec5) Importer(815301076,1909f56bfc062723c751e8b465ee728b)
Start importing Assets/3D/3D de objetos/Cuadros/Contemporaneo/tinker.obj using Guid(4309ac12ca52cc84a907b9d761b8cec5) Importer(815301076,1909f56bfc062723c751e8b465ee728b)  -> (artifact id: 'b4c5da291f909607885d3c74968199eb') in 0.151399 seconds 
========================================================================
Received Import Request.
  Time since last request: 0.000042 seconds.
  path: Assets/3D/3D de objetos/Literas/Oriental/tinker.obj
  artifactKey: Guid(7bbf3470b222d394cbe64dcaa14e2418) Importer(815301076,1909f56bfc062723c751e8b465ee728b)
Start importing Assets/3D/3D de objetos/Literas/Oriental/tinker.obj using Guid(7bbf3470b222d394cbe64dcaa14e2418) Importer(815301076,1909f56bfc062723c751e8b465ee728b)  -> (artifact id: '60f17e8ea1bbc4e73914429cb1524e40') in 0.063577 seconds 
========================================================================
Received Import Request.
  Time since last request: 0.000023 seconds.
  path: Assets/3D/3D de gizmos/Medio/tinker.obj
  artifactKey: Guid(2b8a43bdb6740ff4c94e745997dde1e4) Importer(815301076,1909f56bfc062723c751e8b465ee728b)
Start importing Assets/3D/3D de gizmos/Medio/tinker.obj using Guid(2b8a43bdb6740ff4c94e745997dde1e4) Importer(815301076,1909f56bfc062723c751e8b465ee728b)  -> (artifact id: '12dd7b0cdaf2468a1094b94c8b6216d6') in 0.040255 seconds 
========================================================================
Received Import Request.
  Time since last request: 0.000043 seconds.
  path: Assets/3D/3D de objetos/Espejos/Espejo 3/tinker.obj
  artifactKey: Guid(0ae8e2ba59260e24a878e41e351bbcfd) Importer(815301076,1909f56bfc062723c751e8b465ee728b)
Start importing Assets/3D/3D de objetos/Espejos/Espejo 3/tinker.obj using Guid(0ae8e2ba59260e24a878e41e351bbcfd) Importer(815301076,1909f56bfc062723c751e8b465ee728b)  -> (artifact id: '0d8b4fd47c1ca236ba82d7b48b52ad5b') in 0.092598 seconds 
========================================================================
Received Import Request.
  Time since last request: 0.000044 seconds.
  path: Assets/3D/3D de objetos/Sillas/Moderna/tinker.obj
  artifactKey: Guid(c1b611ac31bbaf848a9be04afa5b6124) Importer(815301076,1909f56bfc062723c751e8b465ee728b)
Start importing Assets/3D/3D de objetos/Sillas/Moderna/tinker.obj using Guid(c1b611ac31bbaf848a9be04afa5b6124) Importer(815301076,1909f56bfc062723c751e8b465ee728b)  -> (artifact id: '07dd89b23fbb0d0b30877ba42b6f29d7') in 0.068466 seconds 
========================================================================
Received Import Request.
  Time since last request: 0.000040 seconds.
  path: Assets/3D/3D de objetos/Camas/Moderna/tinker.obj
  artifactKey: Guid(daa7abfcb20d1c246a61ef3c675000f5) Importer(815301076,1909f56bfc062723c751e8b465ee728b)
Start importing Assets/3D/3D de objetos/Camas/Moderna/tinker.obj using Guid(daa7abfcb20d1c246a61ef3c675000f5) Importer(815301076,1909f56bfc062723c751e8b465ee728b)  -> (artifact id: 'dbe7ff577412f24ec615e78381b00540') in 0.092594 seconds 
========================================================================
Received Import Request.
  Time since last request: 0.000030 seconds.
  path: Assets/3D/3D de objetos/Cuadros/Oriental/tinker.obj
  artifactKey: Guid(08aa1427186bad94bb7bdb556a3b2b67) Importer(815301076,1909f56bfc062723c751e8b465ee728b)
Start importing Assets/3D/3D de objetos/Cuadros/Oriental/tinker.obj using Guid(08aa1427186bad94bb7bdb556a3b2b67) Importer(815301076,1909f56bfc062723c751e8b465ee728b)  -> (artifact id: 'c3aea78796fdb4136cdaeea7cc5e6f91') in 0.124831 seconds 
========================================================================
Received Import Request.
  Time since last request: 0.000033 seconds.
  path: Assets/3D/3D de objetos/Cuadros/Moderno/tinker.obj
  artifactKey: Guid(bc2b644a4308e8545b8cacc25a2025ea) Importer(815301076,1909f56bfc062723c751e8b465ee728b)
Start importing Assets/3D/3D de objetos/Cuadros/Moderno/tinker.obj using Guid(bc2b644a4308e8545b8cacc25a2025ea) Importer(815301076,1909f56bfc062723c751e8b465ee728b)  -> (artifact id: '203f760b47613f78aaa4a8496c5aa8a7') in 0.159800 seconds 
Editor requested this worker to shutdown with reason: Scaling down because of idle timeout
AssetImportWorker is now disconnected from the server
Process exiting
Exiting without the bug reporter. Application will terminate with return code 0