Using pre-set license
Built from '2021.3/staging' branch; Version is '2021.3.23f1 (213b516bf396) revision 2177873'; Using compiler version '192829333'; Build Type 'Release'
OS: 'Windows 11  (10.0.22000) 64bit Professional' Language: 'es' Physical Memory: 15741 MB
BatchMode: 1, IsHumanControllingUs: 0, StartBugReporterOnCrash: 0, Is64bit: 1, IsPro: 1

COMMAND LINE ARGUMENTS:
C:\Program Files\Unity\Hub\Editor\2021.3.23f1\Editor\Unity.exe
-adb2
-batchMode
-noUpm
-name
AssetImportWorker1
-projectPath
C:/Users/Dell/Documents/GitHub/MIDAS/Proyectos2
-logFile
Logs/AssetImportWorker1.log
-srvPort
61288
Successfully changed project path to: C:/Users/Dell/Documents/GitHub/MIDAS/Proyectos2
C:/Users/Dell/Documents/GitHub/MIDAS/Proyectos2
[UnityMemory] Configuration Parameters - Can be set up in boot.config
    "memorysetup-bucket-allocator-granularity=16"
    "memorysetup-bucket-allocator-bucket-count=8"
    "memorysetup-bucket-allocator-block-size=33554432"
    "memorysetup-bucket-allocator-block-count=8"
    "memorysetup-main-allocator-block-size=16777216"
    "memorysetup-thread-allocator-block-size=16777216"
    "memorysetup-gfx-main-allocator-block-size=16777216"
    "memorysetup-gfx-thread-allocator-block-size=16777216"
    "memorysetup-cache-allocator-block-size=4194304"
    "memorysetup-typetree-allocator-block-size=2097152"
    "memorysetup-profiler-bucket-allocator-granularity=16"
    "memorysetup-profiler-bucket-allocator-bucket-count=8"
    "memorysetup-profiler-bucket-allocator-block-size=33554432"
    "memorysetup-profiler-bucket-allocator-block-count=8"
    "memorysetup-profiler-allocator-block-size=16777216"
    "memorysetup-profiler-editor-allocator-block-size=1048576"
    "memorysetup-temp-allocator-size-main=16777216"
    "memorysetup-job-temp-allocator-block-size=2097152"
    "memorysetup-job-temp-allocator-block-size-background=1048576"
    "memorysetup-job-temp-allocator-reduction-small-platforms=262144"
    "memorysetup-temp-allocator-size-background-worker=32768"
    "memorysetup-temp-allocator-size-job-worker=262144"
    "memorysetup-temp-allocator-size-preload-manager=33554432"
    "memorysetup-temp-allocator-size-nav-mesh-worker=65536"
    "memorysetup-temp-allocator-size-audio-worker=65536"
    "memorysetup-temp-allocator-size-cloud-worker=32768"
    "memorysetup-temp-allocator-size-gi-baking-worker=262144"
    "memorysetup-temp-allocator-size-gfx=262144"
Player connection [3980] Host "[IP] 192.168.80.1 [Port] 0 [Flags] 2 [Guid] 3099974806 [EditorId] 3099974806 [Version] 1048832 [Id] WindowsEditor(7,DESKTOP-KL0MDJR) [Debug] 1 [PackageName] WindowsEditor [ProjectName] Editor" joined multi-casting on [225.0.0.222:54997]...

Player connection [3980] Host "[IP] 192.168.80.1 [Port] 0 [Flags] 2 [Guid] 3099974806 [EditorId] 3099974806 [Version] 1048832 [Id] WindowsEditor(7,DESKTOP-KL0MDJR) [Debug] 1 [PackageName] WindowsEditor [ProjectName] Editor" joined alternative multi-casting on [225.0.0.222:34997]...

Assets/3D/3D de objetos/Comodas/Modelo 4/curveddresser.c4d: Unity no longer supports importing Cinema 4D files directly, but we're working with Maxon to make the experience better. To import Cinema 4D files, install Maxon's external importer. You can find more information on the Unity Forum: https://on.unity.com/c4d.

Please note that FBX files exported from Cinema4D are still supported.
Assets/Prefabs/Muebles/Lamparas/Lampara 3/Polyester Masa Lambası-Free3D.c4d: Unity no longer supports importing Cinema 4D files directly, but we're working with Maxon to make the experience better. To import Cinema 4D files, install Maxon's external importer. You can find more information on the Unity Forum: https://on.unity.com/c4d.

Please note that FBX files exported from Cinema4D are still supported.
Refreshing native plugins compatible for Editor in 176.52 ms, found 5 plugins.
Preloading 0 native plugins for Editor in 0.00 ms.
Initialize engine version: 2021.3.23f1 (213b516bf396)
[Subsystems] Discovering subsystems at path C:/Program Files/Unity/Hub/Editor/2021.3.23f1/Editor/Data/Resources/UnitySubsystems
[Subsystems] Discovering subsystems at path C:/Users/Dell/Documents/GitHub/MIDAS/Proyectos2/Assets
GfxDevice: creating device client; threaded=0; jobified=0
Direct3D:
    Version:  Direct3D 11.0 [level 11.1]
    Renderer: AMD Radeon(TM) Graphics (ID=0x1636)
    Vendor:   ATI
    VRAM:     7870 MB
    Driver:   31.0.12019.15004
Initialize mono
Mono path[0] = 'C:/Program Files/Unity/Hub/Editor/2021.3.23f1/Editor/Data/Managed'
Mono path[1] = 'C:/Program Files/Unity/Hub/Editor/2021.3.23f1/Editor/Data/MonoBleedingEdge/lib/mono/unityjit-win32'
Mono config path = 'C:/Program Files/Unity/Hub/Editor/2021.3.23f1/Editor/Data/MonoBleedingEdge/etc'
Using monoOptions --debugger-agent=transport=dt_socket,embedding=1,server=y,suspend=n,address=127.0.0.1:56800
Begin MonoManager ReloadAssembly
Registering precompiled unity dll's ...
Register platform support module: C:/Program Files/Unity/Hub/Editor/2021.3.23f1/Editor/Data/PlaybackEngines/WindowsStandaloneSupport/UnityEditor.WindowsStandalone.Extensions.dll
Registered in 0.009911 seconds.
Native extension for WindowsStandalone target not found
Assets/3D/3D de objetos/Comodas/Modelo 4/curveddresser.c4d: Unity no longer supports importing Cinema 4D files directly, but we're working with Maxon to make the experience better. To import Cinema 4D files, install Maxon's external importer. You can find more information on the Unity Forum: https://on.unity.com/c4d.

Please note that FBX files exported from Cinema4D are still supported.
Assets/Prefabs/Muebles/Lamparas/Lampara 3/Polyester Masa Lambası-Free3D.c4d: Unity no longer supports importing Cinema 4D files directly, but we're working with Maxon to make the experience better. To import Cinema 4D files, install Maxon's external importer. You can find more information on the Unity Forum: https://on.unity.com/c4d.

Please note that FBX files exported from Cinema4D are still supported.
Refreshing native plugins compatible for Editor in 192.36 ms, found 5 plugins.
Preloading 0 native plugins for Editor in 0.00 ms.
Mono: successfully reloaded assembly
- Completed reload, in  1.259 seconds
Domain Reload Profiling:
	ReloadAssembly (1260ms)
		BeginReloadAssembly (143ms)
			ExecutionOrderSort (0ms)
			DisableScriptedObjects (0ms)
			BackupInstance (0ms)
			ReleaseScriptingObjects (0ms)
			CreateAndSetChildDomain (1ms)
		EndReloadAssembly (906ms)
			LoadAssemblies (140ms)
			RebuildTransferFunctionScriptingTraits (0ms)
			SetupTypeCache (225ms)
			ReleaseScriptCaches (0ms)
			RebuildScriptCaches (69ms)
			SetupLoadedEditorAssemblies (511ms)
				LogAssemblyErrors (0ms)
				InitializePlatformSupportModulesInManaged (12ms)
				SetLoadedEditorAssemblies (0ms)
				RefreshPlugins (192ms)
				BeforeProcessingInitializeOnLoad (2ms)
				ProcessInitializeOnLoadAttributes (219ms)
				ProcessInitializeOnLoadMethodAttributes (84ms)
				AfterProcessingInitializeOnLoad (0ms)
				EditorAssembliesLoaded (0ms)
			ExecutionOrderSort2 (0ms)
			AwakeInstancesAfterBackupRestoration (0ms)
Platform modules already initialized, skipping
Registering precompiled user dll's ...
Registered in 0.007800 seconds.
Begin MonoManager ReloadAssembly
Symbol file LoadedFromMemory doesn't match image C:\Users\Dell\Documents\GitHub\MIDAS\Proyectos2\Library\PackageCache\com.unity.visualscripting@1.8.0\Editor\VisualScripting.Core\Dependencies\YamlDotNet\Unity.VisualScripting.YamlDotNet.dll
Symbol file LoadedFromMemory doesn't match image C:\Users\Dell\Documents\GitHub\MIDAS\Proyectos2\Library\PackageCache\com.unity.visualscripting@1.8.0\Editor\VisualScripting.Core\Dependencies\DotNetZip\Unity.VisualScripting.IonicZip.dll
Native extension for WindowsStandalone target not found
Refreshing native plugins compatible for Editor in 0.86 ms, found 5 plugins.
Preloading 0 native plugins for Editor in 0.00 ms.
Mono: successfully reloaded assembly
- Completed reload, in  1.860 seconds
Domain Reload Profiling:
	ReloadAssembly (1862ms)
		BeginReloadAssembly (232ms)
			ExecutionOrderSort (0ms)
			DisableScriptedObjects (9ms)
			BackupInstance (0ms)
			ReleaseScriptingObjects (0ms)
			CreateAndSetChildDomain (45ms)
		EndReloadAssembly (1428ms)
			LoadAssemblies (161ms)
			RebuildTransferFunctionScriptingTraits (0ms)
			SetupTypeCache (528ms)
			ReleaseScriptCaches (1ms)
			RebuildScriptCaches (97ms)
			SetupLoadedEditorAssemblies (603ms)
				LogAssemblyErrors (0ms)
				InitializePlatformSupportModulesInManaged (8ms)
				SetLoadedEditorAssemblies (1ms)
				RefreshPlugins (1ms)
				BeforeProcessingInitializeOnLoad (153ms)
				ProcessInitializeOnLoadAttributes (392ms)
				ProcessInitializeOnLoadMethodAttributes (38ms)
				AfterProcessingInitializeOnLoad (10ms)
				EditorAssembliesLoaded (0ms)
			ExecutionOrderSort2 (0ms)
			AwakeInstancesAfterBackupRestoration (16ms)
Platform modules already initialized, skipping
Assets/3D/3D de objetos/Comodas/Modelo 4/curveddresser.c4d: Unity no longer supports importing Cinema 4D files directly, but we're working with Maxon to make the experience better. To import Cinema 4D files, install Maxon's external importer. You can find more information on the Unity Forum: https://on.unity.com/c4d.

Please note that FBX files exported from Cinema4D are still supported.
Assets/Prefabs/Muebles/Lamparas/Lampara 3/Polyester Masa Lambası-Free3D.c4d: Unity no longer supports importing Cinema 4D files directly, but we're working with Maxon to make the experience better. To import Cinema 4D files, install Maxon's external importer. You can find more information on the Unity Forum: https://on.unity.com/c4d.

Please note that FBX files exported from Cinema4D are still supported.
========================================================================
Worker process is ready to serve import requests
Assets/3D/3D de objetos/Comodas/Modelo 4/curveddresser.c4d: Unity no longer supports importing Cinema 4D files directly, but we're working with Maxon to make the experience better. To import Cinema 4D files, install Maxon's external importer. You can find more information on the Unity Forum: https://on.unity.com/c4d.

Please note that FBX files exported from Cinema4D are still supported.
Assets/Prefabs/Muebles/Lamparas/Lampara 3/Polyester Masa Lambası-Free3D.c4d: Unity no longer supports importing Cinema 4D files directly, but we're working with Maxon to make the experience better. To import Cinema 4D files, install Maxon's external importer. You can find more information on the Unity Forum: https://on.unity.com/c4d.

Please note that FBX files exported from Cinema4D are still supported.
Launched and connected shader compiler UnityShaderCompiler.exe after 0.09 seconds
Refreshing native plugins compatible for Editor in 0.94 ms, found 5 plugins.
Preloading 0 native plugins for Editor in 0.00 ms.
Unloading 3295 Unused Serialized files (Serialized files now loaded: 0)
Unloading 27 unused Assets / (113.5 KB). Loaded Objects now: 3755.
Memory consumption went from 117.6 MB to 117.5 MB.
Total: 4.566800 ms (FindLiveObjects: 0.438700 ms CreateObjectMapping: 0.160700 ms MarkObjects: 3.795200 ms  DeleteObjects: 0.170000 ms)

AssetImportParameters requested are different than current active one (requested -> active):
  custom:video-decoder-ogg-theora: a1e56fd34408186e4bbccfd4996cb3dc -> 
  custom:container-muxer-webm: aa71ff27fc2769a1b78a27578f13a17b -> 
  custom:container-demuxer-webm: 4f35f7cbe854078d1ac9338744f61a02 -> 
  custom:video-encoder-webm-vp8: eb34c28f22e8b96e1ab97ce403110664 -> 
  custom:audio-encoder-webm-vorbis: bf7c407c2cedff20999df2af8eb42d56 -> 
  custom:framework-win-MediaFoundation: 216162199b28c13a410421893ffa2e32 -> 
  custom:container-demuxer-ogg: 62fdf1f143b41e24485cea50d1cbac27 -> 
  custom:video-decoder-webm-vp8: 9c59270c3fd7afecdb556c50c9e8de78 -> 
  custom:audio-decoder-ogg-vorbis: bf7c407c2cedff20999df2af8eb42d56 -> 
========================================================================
Received Import Request.
  Time since last request: 20101.601500 seconds.
  path: Assets/Imágenes/9a35d6b50aaea74a80052640850d86d3.jpg
  artifactKey: Guid(d7cf364d116dd784b87f83377de6fb4f) Importer(815301076,1909f56bfc062723c751e8b465ee728b)
Start importing Assets/Imágenes/9a35d6b50aaea74a80052640850d86d3.jpg using Guid(d7cf364d116dd784b87f83377de6fb4f) Importer(815301076,1909f56bfc062723c751e8b465ee728b)  -> (artifact id: '7c3840c6f149d25f5c3c120a9a6d8cdd') in 0.291049 seconds 
========================================================================
Received Import Request.
  Time since last request: 345.431521 seconds.
  path: Assets/Materiales/MatSuelo/Paredes/round-pattern-wallpaper1_ao.png
  artifactKey: Guid(f8ec81123b5ab754686ec93bd721b2a0) Importer(815301076,1909f56bfc062723c751e8b465ee728b)
Start importing Assets/Materiales/MatSuelo/Paredes/round-pattern-wallpaper1_ao.png using Guid(f8ec81123b5ab754686ec93bd721b2a0) Importer(815301076,1909f56bfc062723c751e8b465ee728b)  -> (artifact id: 'ed182a6be9eb5110d698a8a5ef1785a7') in 0.065896 seconds 
========================================================================
Received Import Request.
  Time since last request: 0.000049 seconds.
  path: Assets/Materiales/MatSuelo/Paredes/round-pattern-wallpaper1_preview.jpg
  artifactKey: Guid(5ac8a30c9daa63b41928119e31d04e30) Importer(815301076,1909f56bfc062723c751e8b465ee728b)
Start importing Assets/Materiales/MatSuelo/Paredes/round-pattern-wallpaper1_preview.jpg using Guid(5ac8a30c9daa63b41928119e31d04e30) Importer(815301076,1909f56bfc062723c751e8b465ee728b)  -> (artifact id: '4e419ac866ba88e1ccb47e1b8237e373') in 0.025666 seconds 
========================================================================
Received Import Request.
  Time since last request: 0.000059 seconds.
  path: Assets/Materiales/MatSuelo/Paredes/round-pattern-wallpaper1_normal-ogl.png
  artifactKey: Guid(8b30315302e1419449a18b3adef37ae2) Importer(815301076,1909f56bfc062723c751e8b465ee728b)
Start importing Assets/Materiales/MatSuelo/Paredes/round-pattern-wallpaper1_normal-ogl.png using Guid(8b30315302e1419449a18b3adef37ae2) Importer(815301076,1909f56bfc062723c751e8b465ee728b)  -> (artifact id: 'b862724ee63cfa572df25b0081abaeef') in 0.028854 seconds 
========================================================================
Received Import Request.
  Time since last request: 0.000078 seconds.
  path: Assets/Materiales/MatSuelo/Paredes/round-pattern-wallpaper1_metallic.psd
  artifactKey: Guid(07d0f11aa87289c45ba49f0a773189c1) Importer(815301076,1909f56bfc062723c751e8b465ee728b)
Start importing Assets/Materiales/MatSuelo/Paredes/round-pattern-wallpaper1_metallic.psd using Guid(07d0f11aa87289c45ba49f0a773189c1) Importer(815301076,1909f56bfc062723c751e8b465ee728b)  -> (artifact id: 'd2e573440647b993fa5d6eaf5f3ab241') in 0.057003 seconds 
========================================================================
Received Import Request.
  Time since last request: 302.965135 seconds.
  path: Assets/Materiales/MatSuelo/Suelo/narrow-floorboards1-ao.png
  artifactKey: Guid(db064146bc7215d4496101f78b7a4853) Importer(815301076,1909f56bfc062723c751e8b465ee728b)
Start importing Assets/Materiales/MatSuelo/Suelo/narrow-floorboards1-ao.png using Guid(db064146bc7215d4496101f78b7a4853) Importer(815301076,1909f56bfc062723c751e8b465ee728b)  -> (artifact id: 'f7a3c25c08f538b7eac30b2141bd8411') in 0.051486 seconds 
========================================================================
Received Import Request.
  Time since last request: 0.000094 seconds.
  path: Assets/Materiales/MatSuelo/Suelo/narrow-floorboards1-height.png
  artifactKey: Guid(d12d722e5401b564896db924282a21fa) Importer(815301076,1909f56bfc062723c751e8b465ee728b)
Start importing Assets/Materiales/MatSuelo/Suelo/narrow-floorboards1-height.png using Guid(d12d722e5401b564896db924282a21fa) Importer(815301076,1909f56bfc062723c751e8b465ee728b)  -> (artifact id: 'e14c474bc6c845055e43554ebb8bf044') in 0.039748 seconds 
========================================================================
Received Import Request.
  Time since last request: 0.000067 seconds.
  path: Assets/Materiales/MatSuelo/Suelo/narrow-floorboards1-roughness.png
  artifactKey: Guid(9127f686129150b49b95b8b423b597a6) Importer(815301076,1909f56bfc062723c751e8b465ee728b)
Start importing Assets/Materiales/MatSuelo/Suelo/narrow-floorboards1-roughness.png using Guid(9127f686129150b49b95b8b423b597a6) Importer(815301076,1909f56bfc062723c751e8b465ee728b)  -> (artifact id: '346aa6c0e220d42e70a1fcf562088f20') in 0.036067 seconds 
Editor requested this worker to shutdown with reason: Scaling down because of idle timeout
AssetImportWorker is now disconnected from the server
Process exiting
Exiting without the bug reporter. Application will terminate with return code 0